#
# There is insufficient memory for the Java Runtime Environment to continue.
# Native memory allocation (mmap) failed to map 65536 bytes for Failed to commit metaspace.
# Possible reasons:
#   The system is out of physical RAM or swap space
#   The process is running with CompressedOops enabled, and the Java Heap may be blocking the growth of the native heap
# Possible solutions:
#   Reduce memory load on the system
#   Increase physical memory or swap space
#   Check if swap backing store is full
#   Decrease Java heap size (-Xmx/-Xms)
#   Decrease number of Java threads
#   Decrease Java thread stack sizes (-Xss)
#   Set larger code cache with -XX:ReservedCodeCacheSize=
#   JVM is running with Unscaled Compressed Oops mode in which the Java heap is
#     placed in the first 4GB address space. The Java Heap base address is the
#     maximum limit for the native heap growth. Please use -XX:HeapBaseMinAddress
#     to set the Java Heap base and to place the Java Heap above 4GB virtual address.
# This output file may be truncated or incomplete.
#
#  Out of Memory Error (virtualSpaceNode.cpp:110), pid=9896, tid=5900
#
# JRE version: Java(TM) SE Runtime Environment (17.0.1+12) (build 17.0.1+12-LTS-39)
# Java VM: Java HotSpot(TM) 64-Bit Server VM (17.0.1+12-LTS-39, mixed mode, sharing, tiered, compressed oops, compressed class ptrs, g1 gc, windows-amd64)
# No core dump will be written. Minidumps are not enabled by default on client versions of Windows
#

---------------  S U M M A R Y ------------

Command Line: -Dfile.encoding=UTF-8 -XX:+ShowCodeDetailsInExceptionMessages nono.calendar.CalendarRepeat

Host: AMD Ryzen 5 3500U with Radeon Vega Mobile Gfx  , 8 cores, 6G,  Windows 10 , 64 bit Build 19041 (10.0.19041.292)
Time: Wed Feb  9 16:26:18 2022  Windows 10 , 64 bit Build 19041 (10.0.19041.292) elapsed time: 0.358453 seconds (0d 0h 0m 0s)

---------------  T H R E A D  ---------------

Current thread (0x000002798ced7ab0):  JavaThread "main" [_thread_in_vm, id=5900, stack(0x000000e005000000,0x000000e005100000)]

Stack: [0x000000e005000000,0x000000e005100000]
Native frames: (J=compiled Java code, j=interpreted, Vv=VM code, C=native code)
V  [jvm.dll+0x66fa1a]
V  [jvm.dll+0x7ce5a4]
V  [jvm.dll+0x7cfd4e]
V  [jvm.dll+0x7d03b3]
V  [jvm.dll+0x242b05]
V  [jvm.dll+0x7ca54b]
V  [jvm.dll+0x615b76]
V  [jvm.dll+0x1be19e]
V  [jvm.dll+0x6184b1]
V  [jvm.dll+0x616516]
V  [jvm.dll+0x3678a2]
V  [jvm.dll+0x1dfa7b]
V  [jvm.dll+0x5376b9]
V  [jvm.dll+0x1ee9d7]
V  [jvm.dll+0x748afb]
V  [jvm.dll+0x749ea2]
V  [jvm.dll+0x74a1d8]
V  [jvm.dll+0x23ae5e]
V  [jvm.dll+0x37afce]
C  0x0000027995f3b7f7

Java frames: (J=compiled Java code, j=interpreted, Vv=VM code)
j  sun.awt.SunHints.<clinit>()V+712 java.desktop@17.0.1
v  ~StubRoutines::call_stub
j  java.awt.RenderingHints.<clinit>()V+0 java.desktop@17.0.1
v  ~StubRoutines::call_stub
j  sun.awt.windows.WDesktopProperties.getDesktopAAHints()Ljava/awt/RenderingHints;+0 java.desktop@17.0.1
j  sun.awt.windows.WToolkit.getDesktopAAHints()Ljava/awt/RenderingHints;+13 java.desktop@17.0.1
j  sun.awt.SunToolkit.getDesktopFontHints()Ljava/awt/RenderingHints;+21 java.desktop@17.0.1
j  sun.awt.windows.WDesktopProperties.getProperties()Ljava/util/Map;+24 java.desktop@17.0.1
j  sun.awt.windows.WToolkit.lazilyInitWProps()V+24 java.desktop@17.0.1
j  sun.awt.windows.WToolkit.lazilyLoadDesktopProperty(Ljava/lang/String;)Ljava/lang/Object;+101 java.desktop@17.0.1
j  java.awt.Toolkit.getDesktopProperty(Ljava/lang/String;)Ljava/lang/Object;+70 java.desktop@17.0.1
j  javax.swing.UIManager.<clinit>()V+112 java.desktop@17.0.1
v  ~StubRoutines::call_stub
j  javax.swing.JPanel.updateUI()V+2 java.desktop@17.0.1
j  javax.swing.JPanel.<init>(Ljava/awt/LayoutManager;Z)V+24 java.desktop@17.0.1
j  javax.swing.JPanel.<init>(Z)V+9 java.desktop@17.0.1
j  javax.swing.JPanel.<init>()V+2 java.desktop@17.0.1
j  javax.swing.JRootPane.createGlassPane()Ljava/awt/Component;+4 java.desktop@17.0.1
j  javax.swing.JRootPane.<init>()V+11 java.desktop@17.0.1
j  javax.swing.JFrame.createRootPane()Ljavax/swing/JRootPane;+4 java.desktop@17.0.1
j  javax.swing.JFrame.frameInit()V+16 java.desktop@17.0.1
j  javax.swing.JFrame.<init>()V+20 java.desktop@17.0.1
j  nono.calendar.CalendarRepeat.main([Ljava/lang/String;)V+75
v  ~StubRoutines::call_stub

---------------  P R O C E S S  ---------------

Threads class SMR info:
_java_thread_list=0x00000279ad2bdcc0, length=15, elements={
0x000002798ced7ab0, 0x00000279ac60c070, 0x00000279ac60d2e0, 0x00000279ac628b90,
0x00000279ac629060, 0x00000279ac62ccf0, 0x00000279ac638e80, 0x00000279ac63db40,
0x00000279ac640110, 0x00000279ac652610, 0x00000279ad0cdfa0, 0x00000279ad0cf7b0,
0x00000279ad0cf2e0, 0x00000279ad0cd600, 0x00000279ad0ce940
}

Java Threads: ( => current thread )
=>0x000002798ced7ab0 JavaThread "main" [_thread_in_vm, id=5900, stack(0x000000e005000000,0x000000e005100000)]
  0x00000279ac60c070 JavaThread "Reference Handler" daemon [_thread_blocked, id=11224, stack(0x000000e005700000,0x000000e005800000)]
  0x00000279ac60d2e0 JavaThread "Finalizer" daemon [_thread_blocked, id=9520, stack(0x000000e005800000,0x000000e005900000)]
  0x00000279ac628b90 JavaThread "Signal Dispatcher" daemon [_thread_blocked, id=3212, stack(0x000000e005900000,0x000000e005a00000)]
  0x00000279ac629060 JavaThread "Attach Listener" daemon [_thread_blocked, id=11508, stack(0x000000e005a00000,0x000000e005b00000)]
  0x00000279ac62ccf0 JavaThread "Service Thread" daemon [_thread_blocked, id=9620, stack(0x000000e005b00000,0x000000e005c00000)]
  0x00000279ac638e80 JavaThread "Monitor Deflation Thread" daemon [_thread_blocked, id=7012, stack(0x000000e005c00000,0x000000e005d00000)]
  0x00000279ac63db40 JavaThread "C2 CompilerThread0" daemon [_thread_blocked, id=10536, stack(0x000000e005d00000,0x000000e005e00000)]
  0x00000279ac640110 JavaThread "C1 CompilerThread0" daemon [_thread_blocked, id=9596, stack(0x000000e005e00000,0x000000e005f00000)]
  0x00000279ac652610 JavaThread "Sweeper thread" daemon [_thread_blocked, id=6696, stack(0x000000e005f00000,0x000000e006000000)]
  0x00000279ad0cdfa0 JavaThread "Notification Thread" daemon [_thread_blocked, id=13184, stack(0x000000e006000000,0x000000e006100000)]
  0x00000279ad0cf7b0 JavaThread "Common-Cleaner" daemon [_thread_blocked, id=10504, stack(0x000000e006200000,0x000000e006300000)]
  0x00000279ad0cf2e0 JavaThread "Java2D Disposer" daemon [_thread_blocked, id=12648, stack(0x000000e006300000,0x000000e006400000)]
  0x00000279ad0cd600 JavaThread "AWT-Shutdown" [_thread_blocked, id=13124, stack(0x000000e006400000,0x000000e006500000)]
  0x00000279ad0ce940 JavaThread "AWT-Windows" daemon [_thread_in_native, id=1472, stack(0x000000e006500000,0x000000e006600000)]

Other Threads:
  0x00000279ac606d00 VMThread "VM Thread" [stack: 0x000000e005600000,0x000000e005700000] [id=12616]
  0x00000279ad0d5450 WatcherThread [stack: 0x000000e006100000,0x000000e006200000] [id=14120]
  0x000002798cf13d30 GCTaskThread "GC Thread#0" [stack: 0x000000e005100000,0x000000e005200000] [id=2884]
  0x000002798cf235d0 ConcurrentGCThread "G1 Main Marker" [stack: 0x000000e005200000,0x000000e005300000] [id=11524]
  0x000002798cf24690 ConcurrentGCThread "G1 Conc#0" [stack: 0x000000e005300000,0x000000e005400000] [id=12552]
  0x00000279ac4d0090 ConcurrentGCThread "G1 Refine#0" [stack: 0x000000e005400000,0x000000e005500000] [id=9436]
  0x00000279ac4d05d0 ConcurrentGCThread "G1 Service" [stack: 0x000000e005500000,0x000000e005600000] [id=6968]

Threads with active compile tasks:

VM state: not at safepoint (normal execution)

VM Mutex/Monitor currently owned by a thread:  ([mutex/lock_event])
[0x000002798ced02a0] Metaspace_lock - owner thread: 0x000002798ced7ab0

Heap address: 0x0000000090e00000, size: 1778 MB, Compressed Oops mode: 32-bit

CDS archive(s) mapped at: [0x0000000800000000-0x0000000800bc0000-0x0000000800bc0000), size 12320768, SharedBaseAddress: 0x0000000800000000, ArchiveRelocationMode: 0.
Compressed class space mapped at: 0x0000000800c00000-0x0000000840c00000, reserved size: 1073741824
Narrow klass base: 0x0000000800000000, Narrow klass shift: 0, Narrow klass range: 0x100000000

GC Precious Log:
 CPUs: 8 total, 8 available
 Memory: 7106M
 Large Page Support: Disabled
 NUMA Support: Disabled
 Compressed Oops: Enabled (32-bit)
 Heap Region Size: 1M
 Heap Min Capacity: 8M
 Heap Initial Capacity: 112M
 Heap Max Capacity: 1778M
 Pre-touch: Disabled
 Parallel Workers: 8
 Concurrent Workers: 2
 Concurrent Refinement Workers: 8
 Periodic GC: Disabled

Heap:
 garbage-first heap   total 114688K, used 2048K [0x0000000090e00000, 0x0000000100000000)
  region size 1024K, 3 young (3072K), 0 survivors (0K)
 Metaspace       used 2943K, committed 3072K, reserved 1056768K
  class space    used 273K, committed 320K, reserved 1048576K

Heap Regions: E=young(eden), S=young(survivor), O=old, HS=humongous(starts), HC=humongous(continues), CS=collection set, F=free, OA=open archive, CA=closed archive, TAMS=top-at-mark-start (previous, next)
|   0|0x0000000090e00000, 0x0000000090e00000, 0x0000000090f00000|  0%| F|  |TAMS 0x0000000090e00000, 0x0000000090e00000| Untracked 
|   1|0x0000000090f00000, 0x0000000090f00000, 0x0000000091000000|  0%| F|  |TAMS 0x0000000090f00000, 0x0000000090f00000| Untracked 
|   2|0x0000000091000000, 0x0000000091000000, 0x0000000091100000|  0%| F|  |TAMS 0x0000000091000000, 0x0000000091000000| Untracked 
|   3|0x0000000091100000, 0x0000000091100000, 0x0000000091200000|  0%| F|  |TAMS 0x0000000091100000, 0x0000000091100000| Untracked 
|   4|0x0000000091200000, 0x0000000091200000, 0x0000000091300000|  0%| F|  |TAMS 0x0000000091200000, 0x0000000091200000| Untracked 
|   5|0x0000000091300000, 0x0000000091300000, 0x0000000091400000|  0%| F|  |TAMS 0x0000000091300000, 0x0000000091300000| Untracked 
|   6|0x0000000091400000, 0x0000000091400000, 0x0000000091500000|  0%| F|  |TAMS 0x0000000091400000, 0x0000000091400000| Untracked 
|   7|0x0000000091500000, 0x0000000091500000, 0x0000000091600000|  0%| F|  |TAMS 0x0000000091500000, 0x0000000091500000| Untracked 
|   8|0x0000000091600000, 0x0000000091600000, 0x0000000091700000|  0%| F|  |TAMS 0x0000000091600000, 0x0000000091600000| Untracked 
|   9|0x0000000091700000, 0x0000000091700000, 0x0000000091800000|  0%| F|  |TAMS 0x0000000091700000, 0x0000000091700000| Untracked 
|  10|0x0000000091800000, 0x0000000091800000, 0x0000000091900000|  0%| F|  |TAMS 0x0000000091800000, 0x0000000091800000| Untracked 
|  11|0x0000000091900000, 0x0000000091900000, 0x0000000091a00000|  0%| F|  |TAMS 0x0000000091900000, 0x0000000091900000| Untracked 
|  12|0x0000000091a00000, 0x0000000091a00000, 0x0000000091b00000|  0%| F|  |TAMS 0x0000000091a00000, 0x0000000091a00000| Untracked 
|  13|0x0000000091b00000, 0x0000000091b00000, 0x0000000091c00000|  0%| F|  |TAMS 0x0000000091b00000, 0x0000000091b00000| Untracked 
|  14|0x0000000091c00000, 0x0000000091c00000, 0x0000000091d00000|  0%| F|  |TAMS 0x0000000091c00000, 0x0000000091c00000| Untracked 
|  15|0x0000000091d00000, 0x0000000091d00000, 0x0000000091e00000|  0%| F|  |TAMS 0x0000000091d00000, 0x0000000091d00000| Untracked 
|  16|0x0000000091e00000, 0x0000000091e00000, 0x0000000091f00000|  0%| F|  |TAMS 0x0000000091e00000, 0x0000000091e00000| Untracked 
|  17|0x0000000091f00000, 0x0000000091f00000, 0x0000000092000000|  0%| F|  |TAMS 0x0000000091f00000, 0x0000000091f00000| Untracked 
|  18|0x0000000092000000, 0x0000000092000000, 0x0000000092100000|  0%| F|  |TAMS 0x0000000092000000, 0x0000000092000000| Untracked 
|  19|0x0000000092100000, 0x0000000092100000, 0x0000000092200000|  0%| F|  |TAMS 0x0000000092100000, 0x0000000092100000| Untracked 
|  20|0x0000000092200000, 0x0000000092200000, 0x0000000092300000|  0%| F|  |TAMS 0x0000000092200000, 0x0000000092200000| Untracked 
|  21|0x0000000092300000, 0x0000000092300000, 0x0000000092400000|  0%| F|  |TAMS 0x0000000092300000, 0x0000000092300000| Untracked 
|  22|0x0000000092400000, 0x0000000092400000, 0x0000000092500000|  0%| F|  |TAMS 0x0000000092400000, 0x0000000092400000| Untracked 
|  23|0x0000000092500000, 0x0000000092500000, 0x0000000092600000|  0%| F|  |TAMS 0x0000000092500000, 0x0000000092500000| Untracked 
|  24|0x0000000092600000, 0x0000000092600000, 0x0000000092700000|  0%| F|  |TAMS 0x0000000092600000, 0x0000000092600000| Untracked 
|  25|0x0000000092700000, 0x0000000092700000, 0x0000000092800000|  0%| F|  |TAMS 0x0000000092700000, 0x0000000092700000| Untracked 
|  26|0x0000000092800000, 0x0000000092800000, 0x0000000092900000|  0%| F|  |TAMS 0x0000000092800000, 0x0000000092800000| Untracked 
|  27|0x0000000092900000, 0x0000000092900000, 0x0000000092a00000|  0%| F|  |TAMS 0x0000000092900000, 0x0000000092900000| Untracked 
|  28|0x0000000092a00000, 0x0000000092a00000, 0x0000000092b00000|  0%| F|  |TAMS 0x0000000092a00000, 0x0000000092a00000| Untracked 
|  29|0x0000000092b00000, 0x0000000092b00000, 0x0000000092c00000|  0%| F|  |TAMS 0x0000000092b00000, 0x0000000092b00000| Untracked 
|  30|0x0000000092c00000, 0x0000000092c00000, 0x0000000092d00000|  0%| F|  |TAMS 0x0000000092c00000, 0x0000000092c00000| Untracked 
|  31|0x0000000092d00000, 0x0000000092d00000, 0x0000000092e00000|  0%| F|  |TAMS 0x0000000092d00000, 0x0000000092d00000| Untracked 
|  32|0x0000000092e00000, 0x0000000092e00000, 0x0000000092f00000|  0%| F|  |TAMS 0x0000000092e00000, 0x0000000092e00000| Untracked 
|  33|0x0000000092f00000, 0x0000000092f00000, 0x0000000093000000|  0%| F|  |TAMS 0x0000000092f00000, 0x0000000092f00000| Untracked 
|  34|0x0000000093000000, 0x0000000093000000, 0x0000000093100000|  0%| F|  |TAMS 0x0000000093000000, 0x0000000093000000| Untracked 
|  35|0x0000000093100000, 0x0000000093100000, 0x0000000093200000|  0%| F|  |TAMS 0x0000000093100000, 0x0000000093100000| Untracked 
|  36|0x0000000093200000, 0x0000000093200000, 0x0000000093300000|  0%| F|  |TAMS 0x0000000093200000, 0x0000000093200000| Untracked 
|  37|0x0000000093300000, 0x0000000093300000, 0x0000000093400000|  0%| F|  |TAMS 0x0000000093300000, 0x0000000093300000| Untracked 
|  38|0x0000000093400000, 0x0000000093400000, 0x0000000093500000|  0%| F|  |TAMS 0x0000000093400000, 0x0000000093400000| Untracked 
|  39|0x0000000093500000, 0x0000000093500000, 0x0000000093600000|  0%| F|  |TAMS 0x0000000093500000, 0x0000000093500000| Untracked 
|  40|0x0000000093600000, 0x0000000093600000, 0x0000000093700000|  0%| F|  |TAMS 0x0000000093600000, 0x0000000093600000| Untracked 
|  41|0x0000000093700000, 0x0000000093700000, 0x0000000093800000|  0%| F|  |TAMS 0x0000000093700000, 0x0000000093700000| Untracked 
|  42|0x0000000093800000, 0x0000000093800000, 0x0000000093900000|  0%| F|  |TAMS 0x0000000093800000, 0x0000000093800000| Untracked 
|  43|0x0000000093900000, 0x0000000093900000, 0x0000000093a00000|  0%| F|  |TAMS 0x0000000093900000, 0x0000000093900000| Untracked 
|  44|0x0000000093a00000, 0x0000000093a00000, 0x0000000093b00000|  0%| F|  |TAMS 0x0000000093a00000, 0x0000000093a00000| Untracked 
|  45|0x0000000093b00000, 0x0000000093b00000, 0x0000000093c00000|  0%| F|  |TAMS 0x0000000093b00000, 0x0000000093b00000| Untracked 
|  46|0x0000000093c00000, 0x0000000093c00000, 0x0000000093d00000|  0%| F|  |TAMS 0x0000000093c00000, 0x0000000093c00000| Untracked 
|  47|0x0000000093d00000, 0x0000000093d00000, 0x0000000093e00000|  0%| F|  |TAMS 0x0000000093d00000, 0x0000000093d00000| Untracked 
|  48|0x0000000093e00000, 0x0000000093e00000, 0x0000000093f00000|  0%| F|  |TAMS 0x0000000093e00000, 0x0000000093e00000| Untracked 
|  49|0x0000000093f00000, 0x0000000093f00000, 0x0000000094000000|  0%| F|  |TAMS 0x0000000093f00000, 0x0000000093f00000| Untracked 
|  50|0x0000000094000000, 0x0000000094000000, 0x0000000094100000|  0%| F|  |TAMS 0x0000000094000000, 0x0000000094000000| Untracked 
|  51|0x0000000094100000, 0x0000000094100000, 0x0000000094200000|  0%| F|  |TAMS 0x0000000094100000, 0x0000000094100000| Untracked 
|  52|0x0000000094200000, 0x0000000094200000, 0x0000000094300000|  0%| F|  |TAMS 0x0000000094200000, 0x0000000094200000| Untracked 
|  53|0x0000000094300000, 0x0000000094300000, 0x0000000094400000|  0%| F|  |TAMS 0x0000000094300000, 0x0000000094300000| Untracked 
|  54|0x0000000094400000, 0x0000000094400000, 0x0000000094500000|  0%| F|  |TAMS 0x0000000094400000, 0x0000000094400000| Untracked 
|  55|0x0000000094500000, 0x0000000094500000, 0x0000000094600000|  0%| F|  |TAMS 0x0000000094500000, 0x0000000094500000| Untracked 
|  56|0x0000000094600000, 0x0000000094600000, 0x0000000094700000|  0%| F|  |TAMS 0x0000000094600000, 0x0000000094600000| Untracked 
|  57|0x0000000094700000, 0x0000000094700000, 0x0000000094800000|  0%| F|  |TAMS 0x0000000094700000, 0x0000000094700000| Untracked 
|  58|0x0000000094800000, 0x0000000094800000, 0x0000000094900000|  0%| F|  |TAMS 0x0000000094800000, 0x0000000094800000| Untracked 
|  59|0x0000000094900000, 0x0000000094900000, 0x0000000094a00000|  0%| F|  |TAMS 0x0000000094900000, 0x0000000094900000| Untracked 
|  60|0x0000000094a00000, 0x0000000094a00000, 0x0000000094b00000|  0%| F|  |TAMS 0x0000000094a00000, 0x0000000094a00000| Untracked 
|  61|0x0000000094b00000, 0x0000000094b00000, 0x0000000094c00000|  0%| F|  |TAMS 0x0000000094b00000, 0x0000000094b00000| Untracked 
|  62|0x0000000094c00000, 0x0000000094c00000, 0x0000000094d00000|  0%| F|  |TAMS 0x0000000094c00000, 0x0000000094c00000| Untracked 
|  63|0x0000000094d00000, 0x0000000094d00000, 0x0000000094e00000|  0%| F|  |TAMS 0x0000000094d00000, 0x0000000094d00000| Untracked 
|  64|0x0000000094e00000, 0x0000000094e00000, 0x0000000094f00000|  0%| F|  |TAMS 0x0000000094e00000, 0x0000000094e00000| Untracked 
|  65|0x0000000094f00000, 0x0000000094f00000, 0x0000000095000000|  0%| F|  |TAMS 0x0000000094f00000, 0x0000000094f00000| Untracked 
|  66|0x0000000095000000, 0x0000000095000000, 0x0000000095100000|  0%| F|  |TAMS 0x0000000095000000, 0x0000000095000000| Untracked 
|  67|0x0000000095100000, 0x0000000095100000, 0x0000000095200000|  0%| F|  |TAMS 0x0000000095100000, 0x0000000095100000| Untracked 
|  68|0x0000000095200000, 0x0000000095200000, 0x0000000095300000|  0%| F|  |TAMS 0x0000000095200000, 0x0000000095200000| Untracked 
|  69|0x0000000095300000, 0x0000000095300000, 0x0000000095400000|  0%| F|  |TAMS 0x0000000095300000, 0x0000000095300000| Untracked 
|  70|0x0000000095400000, 0x0000000095400000, 0x0000000095500000|  0%| F|  |TAMS 0x0000000095400000, 0x0000000095400000| Untracked 
|  71|0x0000000095500000, 0x0000000095500000, 0x0000000095600000|  0%| F|  |TAMS 0x0000000095500000, 0x0000000095500000| Untracked 
|  72|0x0000000095600000, 0x0000000095600000, 0x0000000095700000|  0%| F|  |TAMS 0x0000000095600000, 0x0000000095600000| Untracked 
|  73|0x0000000095700000, 0x0000000095700000, 0x0000000095800000|  0%| F|  |TAMS 0x0000000095700000, 0x0000000095700000| Untracked 
|  74|0x0000000095800000, 0x0000000095800000, 0x0000000095900000|  0%| F|  |TAMS 0x0000000095800000, 0x0000000095800000| Untracked 
|  75|0x0000000095900000, 0x0000000095900000, 0x0000000095a00000|  0%| F|  |TAMS 0x0000000095900000, 0x0000000095900000| Untracked 
|  76|0x0000000095a00000, 0x0000000095a00000, 0x0000000095b00000|  0%| F|  |TAMS 0x0000000095a00000, 0x0000000095a00000| Untracked 
|  77|0x0000000095b00000, 0x0000000095b00000, 0x0000000095c00000|  0%| F|  |TAMS 0x0000000095b00000, 0x0000000095b00000| Untracked 
|  78|0x0000000095c00000, 0x0000000095c00000, 0x0000000095d00000|  0%| F|  |TAMS 0x0000000095c00000, 0x0000000095c00000| Untracked 
|  79|0x0000000095d00000, 0x0000000095d00000, 0x0000000095e00000|  0%| F|  |TAMS 0x0000000095d00000, 0x0000000095d00000| Untracked 
|  80|0x0000000095e00000, 0x0000000095e00000, 0x0000000095f00000|  0%| F|  |TAMS 0x0000000095e00000, 0x0000000095e00000| Untracked 
|  81|0x0000000095f00000, 0x0000000095f00000, 0x0000000096000000|  0%| F|  |TAMS 0x0000000095f00000, 0x0000000095f00000| Untracked 
|  82|0x0000000096000000, 0x0000000096000000, 0x0000000096100000|  0%| F|  |TAMS 0x0000000096000000, 0x0000000096000000| Untracked 
|  83|0x0000000096100000, 0x0000000096100000, 0x0000000096200000|  0%| F|  |TAMS 0x0000000096100000, 0x0000000096100000| Untracked 
|  84|0x0000000096200000, 0x0000000096200000, 0x0000000096300000|  0%| F|  |TAMS 0x0000000096200000, 0x0000000096200000| Untracked 
|  85|0x0000000096300000, 0x0000000096300000, 0x0000000096400000|  0%| F|  |TAMS 0x0000000096300000, 0x0000000096300000| Untracked 
|  86|0x0000000096400000, 0x0000000096400000, 0x0000000096500000|  0%| F|  |TAMS 0x0000000096400000, 0x0000000096400000| Untracked 
|  87|0x0000000096500000, 0x0000000096500000, 0x0000000096600000|  0%| F|  |TAMS 0x0000000096500000, 0x0000000096500000| Untracked 
|  88|0x0000000096600000, 0x0000000096600000, 0x0000000096700000|  0%| F|  |TAMS 0x0000000096600000, 0x0000000096600000| Untracked 
|  89|0x0000000096700000, 0x0000000096700000, 0x0000000096800000|  0%| F|  |TAMS 0x0000000096700000, 0x0000000096700000| Untracked 
|  90|0x0000000096800000, 0x0000000096800000, 0x0000000096900000|  0%| F|  |TAMS 0x0000000096800000, 0x0000000096800000| Untracked 
|  91|0x0000000096900000, 0x0000000096900000, 0x0000000096a00000|  0%| F|  |TAMS 0x0000000096900000, 0x0000000096900000| Untracked 
|  92|0x0000000096a00000, 0x0000000096a00000, 0x0000000096b00000|  0%| F|  |TAMS 0x0000000096a00000, 0x0000000096a00000| Untracked 
|  93|0x0000000096b00000, 0x0000000096b00000, 0x0000000096c00000|  0%| F|  |TAMS 0x0000000096b00000, 0x0000000096b00000| Untracked 
|  94|0x0000000096c00000, 0x0000000096c00000, 0x0000000096d00000|  0%| F|  |TAMS 0x0000000096c00000, 0x0000000096c00000| Untracked 
|  95|0x0000000096d00000, 0x0000000096d00000, 0x0000000096e00000|  0%| F|  |TAMS 0x0000000096d00000, 0x0000000096d00000| Untracked 
|  96|0x0000000096e00000, 0x0000000096e00000, 0x0000000096f00000|  0%| F|  |TAMS 0x0000000096e00000, 0x0000000096e00000| Untracked 
|  97|0x0000000096f00000, 0x0000000096f00000, 0x0000000097000000|  0%| F|  |TAMS 0x0000000096f00000, 0x0000000096f00000| Untracked 
|  98|0x0000000097000000, 0x0000000097000000, 0x0000000097100000|  0%| F|  |TAMS 0x0000000097000000, 0x0000000097000000| Untracked 
|  99|0x0000000097100000, 0x0000000097100000, 0x0000000097200000|  0%| F|  |TAMS 0x0000000097100000, 0x0000000097100000| Untracked 
| 100|0x0000000097200000, 0x0000000097200000, 0x0000000097300000|  0%| F|  |TAMS 0x0000000097200000, 0x0000000097200000| Untracked 
| 101|0x0000000097300000, 0x0000000097300000, 0x0000000097400000|  0%| F|  |TAMS 0x0000000097300000, 0x0000000097300000| Untracked 
| 102|0x0000000097400000, 0x0000000097400000, 0x0000000097500000|  0%| F|  |TAMS 0x0000000097400000, 0x0000000097400000| Untracked 
| 103|0x0000000097500000, 0x0000000097500000, 0x0000000097600000|  0%| F|  |TAMS 0x0000000097500000, 0x0000000097500000| Untracked 
| 104|0x0000000097600000, 0x0000000097600000, 0x0000000097700000|  0%| F|  |TAMS 0x0000000097600000, 0x0000000097600000| Untracked 
| 105|0x0000000097700000, 0x0000000097700000, 0x0000000097800000|  0%| F|  |TAMS 0x0000000097700000, 0x0000000097700000| Untracked 
| 106|0x0000000097800000, 0x0000000097800000, 0x0000000097900000|  0%| F|  |TAMS 0x0000000097800000, 0x0000000097800000| Untracked 
| 107|0x0000000097900000, 0x0000000097900000, 0x0000000097a00000|  0%| F|  |TAMS 0x0000000097900000, 0x0000000097900000| Untracked 
| 108|0x0000000097a00000, 0x0000000097a00000, 0x0000000097b00000|  0%| F|  |TAMS 0x0000000097a00000, 0x0000000097a00000| Untracked 
| 109|0x0000000097b00000, 0x0000000097c00000, 0x0000000097c00000|100%| E|  |TAMS 0x0000000097b00000, 0x0000000097b00000| Complete 
| 110|0x0000000097c00000, 0x0000000097d00000, 0x0000000097d00000|100%| E|CS|TAMS 0x0000000097c00000, 0x0000000097c00000| Complete 
| 111|0x0000000097d00000, 0x0000000097e00000, 0x0000000097e00000|100%| E|CS|TAMS 0x0000000097d00000, 0x0000000097d00000| Complete 

Card table byte_map: [0x00000279a5d00000,0x00000279a6080000] _byte_map_base: 0x00000279a5879000

Marking Bits (Prev, Next): (CMBitMap*) 0x000002798cf14250, (CMBitMap*) 0x000002798cf14290
 Prev Bits: [0x00000279a6400000, 0x00000279a7fc8000)
 Next Bits: [0x00000279a7fd0000, 0x00000279a9b98000)

Polling page: 0x000002798cfc0000

Metaspace:

Usage:
  Non-class:      2.61 MB used.
      Class:    273.18 KB used.
       Both:      2.87 MB used.

Virtual space:
  Non-class space:        8.00 MB reserved,       2.69 MB ( 34%) committed,  1 nodes.
      Class space:        1.00 GB reserved,     320.00 KB ( <1%) committed,  1 nodes.
             Both:        1.01 GB reserved,       3.00 MB ( <1%) committed. 

Chunk freelists:
   Non-Class:  3.93 MB
       Class:  3.59 MB
        Both:  7.52 MB

MaxMetaspaceSize: unlimited
CompressedClassSpaceSize: 1.00 GB
Initial GC threshold: 21.00 MB
Current GC threshold: 21.00 MB
CDS: on
MetaspaceReclaimPolicy: balanced
 - commit_granule_bytes: 65536.
 - commit_granule_words: 8192.
 - virtual_space_node_default_size: 1048576.
 - enlarge_chunks_in_place: 1.
 - new_chunks_are_fully_committed: 0.
 - uncommit_free_chunks: 1.
 - use_allocation_guard: 0.
 - handle_deallocations: 1.


Internal statistics:

num_allocs_failed_limit: 0.
num_arena_births: 72.
num_arena_deaths: 0.
num_vsnodes_births: 2.
num_vsnodes_deaths: 0.
num_space_committed: 48.
num_space_uncommitted: 0.
num_chunks_returned_to_freelist: 0.
num_chunks_taken_from_freelist: 89.
num_chunk_merges: 0.
num_chunk_splits: 54.
num_chunks_enlarged: 19.
num_purges: 0.
num_inconsistent_stats: 0.

CodeHeap 'non-profiled nmethods': size=120000Kb used=100Kb max_used=100Kb free=119899Kb
 bounds [0x000002799d9f0000, 0x000002799dc60000, 0x00000279a4f20000]
CodeHeap 'profiled nmethods': size=120000Kb used=420Kb max_used=420Kb free=119580Kb
 bounds [0x00000279964c0000, 0x0000027996730000, 0x000002799d9f0000]
CodeHeap 'non-nmethods': size=5760Kb used=1163Kb max_used=1176Kb free=4596Kb
 bounds [0x0000027995f20000, 0x0000027996190000, 0x00000279964c0000]
 total_blobs=757 nmethods=300 adapters=370
 compilation: enabled
              stopped_count=0, restarted_count=0
 full_count=0

Compilation events (20 events):
Event: 0.346 Thread 0x00000279ac640110 nmethod 290 0x0000027996522b90 code [0x0000027996522e60, 0x0000027996523c48]
Event: 0.346 Thread 0x00000279ac640110  287       3       java.lang.invoke.LambdaForm::parameterType (9 bytes)
Event: 0.346 Thread 0x00000279ac640110 nmethod 287 0x0000027996524190 code [0x0000027996524340, 0x0000027996524488]
Event: 0.346 Thread 0x00000279ac640110  297       3       java.lang.String::hashCode (60 bytes)
Event: 0.347 Thread 0x00000279ac640110 nmethod 297 0x0000027996524590 code [0x0000027996524760, 0x0000027996524ad8]
Event: 0.347 Thread 0x00000279ac640110  295       3       jdk.internal.org.objectweb.asm.SymbolTable::addConstantMemberReference (147 bytes)
Event: 0.347 Thread 0x00000279ac640110 nmethod 295 0x0000027996524b90 code [0x0000027996524e00, 0x00000279965256e8]
Event: 0.347 Thread 0x00000279ac640110  293   !   3       java.lang.invoke.MemberName::getMethodType (211 bytes)
Event: 0.349 Thread 0x00000279ac640110 nmethod 293 0x0000027996525c10 code [0x0000027996525f00, 0x00000279965274d8]
Event: 0.349 Thread 0x00000279ac640110  296       3       jdk.internal.org.objectweb.asm.SymbolTable::hash (20 bytes)
Event: 0.349 Thread 0x00000279ac640110 nmethod 296 0x0000027996527a90 code [0x0000027996527c40, 0x0000027996527e08]
Event: 0.349 Thread 0x00000279ac640110  294       3       jdk.internal.org.objectweb.asm.Frame::setLocal (65 bytes)
Event: 0.349 Thread 0x00000279ac640110 nmethod 294 0x0000027996527f90 code [0x0000027996528160, 0x0000027996528688]
Event: 0.349 Thread 0x00000279ac640110  284       1       jdk.internal.org.objectweb.asm.SymbolTable::getMajorVersion (5 bytes)
Event: 0.349 Thread 0x00000279ac640110 nmethod 284 0x000002799da08c10 code [0x000002799da08da0, 0x000002799da08e78]
Event: 0.349 Thread 0x00000279ac640110  298       3       java.lang.invoke.MemberName::isResolved (13 bytes)
Event: 0.350 Thread 0x00000279ac640110 nmethod 298 0x0000027996528810 code [0x00000279965289a0, 0x0000027996528b18]
Event: 0.350 Thread 0x00000279ac640110  299       3       java.lang.invoke.DirectMethodHandle::internalMemberName (8 bytes)
Event: 0.350 Thread 0x00000279ac63db40  300       4       java.lang.String::length (11 bytes)
Event: 0.350 Thread 0x00000279ac640110 nmethod 299 0x0000027996528b90 code [0x0000027996528d20, 0x0000027996528f18]

GC Heap History (0 events):
No events

Deoptimization events (8 events):
Event: 0.193 Thread 0x000002798ced7ab0 Uncommon trap: trap_request=0xffffff45 fr.pc=0x000002799d9f4afc relative=0x000000000000007c
Event: 0.193 Thread 0x000002798ced7ab0 Uncommon trap: reason=unstable_if action=reinterpret pc=0x000002799d9f4afc method=java.lang.String.charAt(I)C @ 4 c2
Event: 0.193 Thread 0x000002798ced7ab0 DEOPT PACKING pc=0x000002799d9f4afc sp=0x000000e0050fcc90
Event: 0.193 Thread 0x000002798ced7ab0 DEOPT UNPACKING pc=0x0000027995f723a3 sp=0x000000e0050fcc30 mode 2
Event: 0.346 Thread 0x000002798ced7ab0 Uncommon trap: trap_request=0xffffff45 fr.pc=0x000002799da00d24 relative=0x0000000000000224
Event: 0.346 Thread 0x000002798ced7ab0 Uncommon trap: reason=unstable_if action=reinterpret pc=0x000002799da00d24 method=java.lang.String.hashCode()I @ 20 c2
Event: 0.346 Thread 0x000002798ced7ab0 DEOPT PACKING pc=0x000002799da00d24 sp=0x000000e0050fd700
Event: 0.346 Thread 0x000002798ced7ab0 DEOPT UNPACKING pc=0x0000027995f723a3 sp=0x000000e0050fd690 mode 2

Classes unloaded (0 events):
No events

Classes redefined (0 events):
No events

Internal exceptions (4 events):
Event: 0.165 Thread 0x000002798ced7ab0 Exception <a 'java/lang/ClassNotFoundException'{0x0000000097c668b0}: sun/awt/resources/spi/awtProvider> (0x0000000097c668b0) 
thrown [t:\workspace\open\src\hotspot\share\classfile\systemDictionary.cpp, line 256]
Event: 0.194 Thread 0x000002798ced7ab0 Exception <a 'java/io/FileNotFoundException'{0x0000000097cbf958}> (0x0000000097cbf958) 
thrown [t:\workspace\open\src\hotspot\share\prims\jni.cpp, line 516]
Event: 0.202 Thread 0x000002798ced7ab0 Exception <a 'java/io/FileNotFoundException'{0x0000000097cecd38}> (0x0000000097cecd38) 
thrown [t:\workspace\open\src\hotspot\share\prims\jni.cpp, line 516]
Event: 0.244 Thread 0x000002798ced7ab0 Exception <a 'java/lang/NoSuchMethodError'{0x0000000097b2dae0}: 'java.lang.Object java.lang.invoke.DirectMethodHandle$Holder.invokeStaticInit(java.lang.Object)'> (0x0000000097b2dae0) 
thrown [t:\workspace\open\src\hotspot\share\interpreter\linkResolver.cpp, line 766]

VM Operations (0 events):
No events

Events (20 events):
Event: 0.345 loading class java/util/concurrent/locks/ReentrantReadWriteLock$ReadLock done
Event: 0.345 loading class java/util/concurrent/locks/ReentrantReadWriteLock$WriteLock
Event: 0.345 loading class java/util/concurrent/locks/ReentrantReadWriteLock$WriteLock done
Event: 0.347 loading class java/awt/Color
Event: 0.347 loading class java/awt/Paint
Event: 0.347 loading class java/awt/Paint done
Event: 0.347 loading class java/awt/Color done
Event: 0.348 loading class sun/awt/windows/WDesktopProperties$WinPlaySound
Event: 0.348 loading class sun/awt/windows/WDesktopProperties$WinPlaySound done
Event: 0.349 loading class java/awt/RenderingHints
Event: 0.349 loading class java/awt/RenderingHints done
Event: 0.349 loading class sun/awt/SunHints
Event: 0.349 loading class sun/awt/SunHints done
Event: 0.349 loading class sun/awt/SunHints$Key
Event: 0.349 loading class java/awt/RenderingHints$Key
Event: 0.349 loading class java/awt/RenderingHints$Key done
Event: 0.349 loading class sun/awt/SunHints$Key done
Event: 0.350 loading class sun/awt/SunHints$Value
Event: 0.350 loading class sun/awt/SunHints$Value done
Event: 0.350 loading class sun/awt/SunHints$LCDContrastKey


Dynamic libraries:
0x00007ff604900000 - 0x00007ff604910000 	C:\Program Files\Java\jdk-17.0.1\bin\javaw.exe
0x00007ffd381b0000 - 0x00007ffd383a4000 	C:\WINDOWS\SYSTEM32\ntdll.dll
0x00007ffd37a20000 - 0x00007ffd37add000 	C:\WINDOWS\System32\KERNEL32.DLL
0x00007ffd35900000 - 0x00007ffd35bc7000 	C:\WINDOWS\System32\KERNELBASE.dll
0x00007ffd35f10000 - 0x00007ffd36010000 	C:\WINDOWS\System32\ucrtbase.dll
0x00007ffd14020000 - 0x00007ffd1403a000 	C:\Program Files\Java\jdk-17.0.1\bin\VCRUNTIME140.dll
0x00007ffd17370000 - 0x00007ffd17388000 	C:\Program Files\Java\jdk-17.0.1\bin\jli.dll
0x00007ffd37e10000 - 0x00007ffd37eba000 	C:\WINDOWS\System32\ADVAPI32.dll
0x00007ffd36280000 - 0x00007ffd3631e000 	C:\WINDOWS\System32\msvcrt.dll
0x00007ffd37980000 - 0x00007ffd37a1b000 	C:\WINDOWS\System32\sechost.dll
0x00007ffd37520000 - 0x00007ffd37643000 	C:\WINDOWS\System32\RPCRT4.dll
0x00007ffd37680000 - 0x00007ffd37820000 	C:\WINDOWS\System32\USER32.dll
0x00007ffd36040000 - 0x00007ffd36062000 	C:\WINDOWS\System32\win32u.dll
0x00007ffd22290000 - 0x00007ffd2252a000 	C:\WINDOWS\WinSxS\amd64_microsoft.windows.common-controls_6595b64144ccf1df_6.0.19041.1_none_b555e41d4684ddec\COMCTL32.dll
0x00007ffd37650000 - 0x00007ffd3767a000 	C:\WINDOWS\System32\GDI32.dll
0x00007ffd36110000 - 0x00007ffd3621a000 	C:\WINDOWS\System32\gdi32full.dll
0x00007ffd36070000 - 0x00007ffd3610d000 	C:\WINDOWS\System32\msvcp_win.dll
0x00007ffd2f750000 - 0x00007ffd2f75a000 	C:\WINDOWS\SYSTEM32\VERSION.dll
0x00007ffd37400000 - 0x00007ffd37430000 	C:\WINDOWS\System32\IMM32.DLL
0x00007ffd29cf0000 - 0x00007ffd29cfc000 	C:\Program Files\Java\jdk-17.0.1\bin\vcruntime140_1.dll
0x00007ffd0ac80000 - 0x00007ffd0ad0d000 	C:\Program Files\Java\jdk-17.0.1\bin\msvcp140.dll
0x00007ffce2fb0000 - 0x00007ffce3b6e000 	C:\Program Files\Java\jdk-17.0.1\bin\server\jvm.dll
0x00007ffd37b90000 - 0x00007ffd37b98000 	C:\WINDOWS\System32\PSAPI.DLL
0x00007ffd2f410000 - 0x00007ffd2f437000 	C:\WINDOWS\SYSTEM32\WINMM.dll
0x00007ffd23390000 - 0x00007ffd23399000 	C:\WINDOWS\SYSTEM32\WSOCK32.dll
0x00007ffd37da0000 - 0x00007ffd37e0b000 	C:\WINDOWS\System32\WS2_32.dll
0x00007ffd33890000 - 0x00007ffd338a3000 	C:\WINDOWS\SYSTEM32\kernel.appcore.dll
0x00007ffd231c0000 - 0x00007ffd231ca000 	C:\Program Files\Java\jdk-17.0.1\bin\jimage.dll
0x00007ffd285f0000 - 0x00007ffd287d4000 	C:\WINDOWS\SYSTEM32\DBGHELP.DLL
0x00007ffd283e0000 - 0x00007ffd2840c000 	C:\WINDOWS\SYSTEM32\dbgcore.DLL
0x00007ffd35bd0000 - 0x00007ffd35c4f000 	C:\WINDOWS\System32\bcryptPrimitives.dll
0x00007ffd0f7e0000 - 0x00007ffd0f805000 	C:\Program Files\Java\jdk-17.0.1\bin\java.dll
0x00007ffcf37c0000 - 0x00007ffcf3896000 	C:\Program Files\Java\jdk-17.0.1\bin\svml.dll
0x00007ffd364e0000 - 0x00007ffd36c15000 	C:\WINDOWS\System32\SHELL32.dll
0x00007ffd33a90000 - 0x00007ffd3421f000 	C:\WINDOWS\SYSTEM32\windows.storage.dll
0x00007ffd370a0000 - 0x00007ffd373f3000 	C:\WINDOWS\System32\combase.dll
0x00007ffd35380000 - 0x00007ffd353ab000 	C:\WINDOWS\SYSTEM32\Wldp.dll
0x00007ffd37ec0000 - 0x00007ffd37f6e000 	C:\WINDOWS\System32\SHCORE.dll
0x00007ffd37430000 - 0x00007ffd37485000 	C:\WINDOWS\System32\shlwapi.dll
0x00007ffd35840000 - 0x00007ffd3585f000 	C:\WINDOWS\SYSTEM32\profapi.dll
0x00007ffcf9620000 - 0x00007ffcf97af000 	C:\Program Files\Java\jdk-17.0.1\bin\awt.dll
0x00007ffd37ba0000 - 0x00007ffd37c6d000 	C:\WINDOWS\System32\OLEAUT32.dll
0x00007ffd33200000 - 0x00007ffd33290000 	C:\WINDOWS\SYSTEM32\apphelp.dll
0x00007ffd335a0000 - 0x00007ffd335ce000 	C:\WINDOWS\system32\DWMAPI.DLL
0x00007ffd333d0000 - 0x00007ffd3346f000 	C:\WINDOWS\system32\uxtheme.dll
0x00007ffcf93a0000 - 0x00007ffcf94fc000 	C:\WINDOWS\system32\opengl32.dll
0x00007ffd2ab60000 - 0x00007ffd2ab8c000 	C:\WINDOWS\SYSTEM32\GLU32.dll
0x00007ffd37ff0000 - 0x00007ffd38105000 	C:\WINDOWS\System32\MSCTF.dll
0x00007ffd37c70000 - 0x00007ffd37d99000 	C:\WINDOWS\System32\ole32.dll
0x00007ffcfa050000 - 0x00007ffcfa21d000 	C:\WINDOWS\system32\d3d9.dll
0x00007ffd2e190000 - 0x00007ffd2e36b000 	C:\WINDOWS\System32\DriverStore\FileRepository\u0357776.inf_amd64_5cb88e05332b51cb\B357669\aticfx64.dll
0x00007ffd1c3f0000 - 0x00007ffd1c423000 	C:\WINDOWS\System32\DriverStore\FileRepository\u0357776.inf_amd64_5cb88e05332b51cb\B357669\atiu9p64.dll
0x00007ffcf8640000 - 0x00007ffcf9318000 	C:\WINDOWS\System32\DriverStore\FileRepository\u0357776.inf_amd64_5cb88e05332b51cb\B357669\atiumd64.dll
0x0000000076550000 - 0x00000000773de000 	C:\WINDOWS\System32\DriverStore\FileRepository\u0357776.inf_amd64_5cb88e05332b51cb\B357669\atiumd6a.dll
0x00007ffd35000000 - 0x00007ffd3504b000 	C:\WINDOWS\SYSTEM32\POWRPROF.dll
0x00007ffd34f00000 - 0x00007ffd34f12000 	C:\WINDOWS\SYSTEM32\UMPDC.dll
0x00007ffd2c990000 - 0x00007ffd2c9bf000 	C:\WINDOWS\SYSTEM32\amdihk64.dll

dbghelp: loaded successfully - version: 4.0.5 - missing functions: none
symbol engine: initialized successfully - sym options: 0x614 - pdb path: .;C:\Program Files\Java\jdk-17.0.1\bin;C:\WINDOWS\SYSTEM32;C:\WINDOWS\WinSxS\amd64_microsoft.windows.common-controls_6595b64144ccf1df_6.0.19041.1_none_b555e41d4684ddec;C:\Program Files\Java\jdk-17.0.1\bin\server;C:\WINDOWS\System32\DriverStore\FileRepository\u0357776.inf_amd64_5cb88e05332b51cb\B357669

VM Arguments:
jvm_args: -Dfile.encoding=UTF-8 -XX:+ShowCodeDetailsInExceptionMessages 
java_command: nono.calendar.CalendarRepeat
java_class_path (initial): C:\Users\dbsgh\eclipse-workspace\Calendar
Launcher Type: SUN_STANDARD

[Global flags]
     intx CICompilerCount                          = 4                                         {product} {ergonomic}
     uint ConcGCThreads                            = 2                                         {product} {ergonomic}
     uint G1ConcRefinementThreads                  = 8                                         {product} {ergonomic}
   size_t G1HeapRegionSize                         = 1048576                                   {product} {ergonomic}
    uintx GCDrainStackTargetSize                   = 64                                        {product} {ergonomic}
   size_t InitialHeapSize                          = 117440512                                 {product} {ergonomic}
   size_t MarkStackSize                            = 4194304                                   {product} {ergonomic}
   size_t MaxHeapSize                              = 1864368128                                {product} {ergonomic}
   size_t MaxNewSize                               = 1117782016                                {product} {ergonomic}
   size_t MinHeapDeltaBytes                        = 1048576                                   {product} {ergonomic}
   size_t MinHeapSize                              = 8388608                                   {product} {ergonomic}
    uintx NonNMethodCodeHeapSize                   = 5839372                                {pd product} {ergonomic}
    uintx NonProfiledCodeHeapSize                  = 122909434                              {pd product} {ergonomic}
    uintx ProfiledCodeHeapSize                     = 122909434                              {pd product} {ergonomic}
    uintx ReservedCodeCacheSize                    = 251658240                              {pd product} {ergonomic}
     bool SegmentedCodeCache                       = true                                      {product} {ergonomic}
     bool ShowCodeDetailsInExceptionMessages       = true                                   {manageable} {command line}
   size_t SoftMaxHeapSize                          = 1864368128                             {manageable} {ergonomic}
     bool UseCompressedClassPointers               = true                           {product lp64_product} {ergonomic}
     bool UseCompressedOops                        = true                           {product lp64_product} {ergonomic}
     bool UseG1GC                                  = true                                      {product} {ergonomic}
     bool UseLargePagesIndividualAllocation        = false                                  {pd product} {ergonomic}

Logging:
Log output configuration:
 #0: stdout all=warning uptime,level,tags
 #1: stderr all=off uptime,level,tags

Environment Variables:
PATH=C:\Program Files\Common Files\Oracle\Java\javapath;"C:\Program Files (x86)\Common Files\Oracle\Java\javapath;%JAVA_HOME%\bin;";C:\Users\dbsgh\AppData\Local\Microsoft\WindowsApps;C:\Program Files\Bandizip\;C:\Program Files\Java\jdk-17.0.1\bin;
USERNAME=dbsgh
OS=Windows_NT
PROCESSOR_IDENTIFIER=AMD64 Family 23 Model 24 Stepping 1, AuthenticAMD



---------------  S Y S T E M  ---------------

OS:
 Windows 10 , 64 bit Build 19041 (10.0.19041.292)
OS uptime: 3 days 5:00 hours

CPU: total 8 (initial active 8) (8 cores per cpu, 2 threads per core) family 23 model 24 stepping 1 microcode 0x0, cx8, cmov, fxsr, ht, mmx, 3dnowpref, sse, sse2, sse3, ssse3, sse4a, sse4.1, sse4.2, popcnt, lzcnt, tsc, tscinvbit, avx, avx2, aes, clmul, bmi1, bmi2, adx, sha, fma, vzeroupper, clflush, clflushopt

Memory: 4k page, system-wide physical 7106M (2035M free)
TotalPageFile size 8762M (AvailPageFile size 4M)
current process WorkingSet (physical memory assigned to process): 46M, peak: 46M
current process commit charge ("private bytes"): 208M, peak: 208M

vm_info: Java HotSpot(TM) 64-Bit Server VM (17.0.1+12-LTS-39) for windows-amd64 JRE (17.0.1+12-LTS-39), built on Sep 27 2021 18:41:35 by "mach5one" with MS VC++ 16.8 (VS2019)

END.
