#
# There is insufficient memory for the Java Runtime Environment to continue.
# Native memory allocation (mmap) failed to map 65536 bytes for Failed to commit metaspace.
# Possible reasons:
#   The system is out of physical RAM or swap space
#   The process is running with CompressedOops enabled, and the Java Heap may be blocking the growth of the native heap
# Possible solutions:
#   Reduce memory load on the system
#   Increase physical memory or swap space
#   Check if swap backing store is full
#   Decrease Java heap size (-Xmx/-Xms)
#   Decrease number of Java threads
#   Decrease Java thread stack sizes (-Xss)
#   Set larger code cache with -XX:ReservedCodeCacheSize=
#   JVM is running with Unscaled Compressed Oops mode in which the Java heap is
#     placed in the first 4GB address space. The Java Heap base address is the
#     maximum limit for the native heap growth. Please use -XX:HeapBaseMinAddress
#     to set the Java Heap base and to place the Java Heap above 4GB virtual address.
# This output file may be truncated or incomplete.
#
#  Out of Memory Error (virtualSpaceNode.cpp:110), pid=2984, tid=5204
#
# JRE version: Java(TM) SE Runtime Environment (17.0.1+12) (build 17.0.1+12-LTS-39)
# Java VM: Java HotSpot(TM) 64-Bit Server VM (17.0.1+12-LTS-39, mixed mode, sharing, tiered, compressed oops, compressed class ptrs, g1 gc, windows-amd64)
# No core dump will be written. Minidumps are not enabled by default on client versions of Windows
#

---------------  S U M M A R Y ------------

Command Line: -Dfile.encoding=UTF-8 -XX:+ShowCodeDetailsInExceptionMessages nono.calendar.CalendarRepeat

Host: AMD Ryzen 5 3500U with Radeon Vega Mobile Gfx  , 8 cores, 6G,  Windows 10 , 64 bit Build 19041 (10.0.19041.292)
Time: Wed Feb  9 16:26:24 2022  Windows 10 , 64 bit Build 19041 (10.0.19041.292) elapsed time: 0.391338 seconds (0d 0h 0m 0s)

---------------  T H R E A D  ---------------

Current thread (0x000001b5b7ff6ea0):  JavaThread "main" [_thread_in_vm, id=5204, stack(0x0000003250f00000,0x0000003251000000)]

Stack: [0x0000003250f00000,0x0000003251000000]
Native frames: (J=compiled Java code, j=interpreted, Vv=VM code, C=native code)
V  [jvm.dll+0x66fa1a]
V  [jvm.dll+0x7ce5a4]
V  [jvm.dll+0x7cfd4e]
V  [jvm.dll+0x7d03b3]
V  [jvm.dll+0x242b05]
V  [jvm.dll+0x7ca54b]
V  [jvm.dll+0x615b76]
V  [jvm.dll+0x1be19e]
V  [jvm.dll+0x6184b1]
V  [jvm.dll+0x616516]
V  [jvm.dll+0x3678a2]
V  [jvm.dll+0x1dfa7b]
V  [jvm.dll+0x5376b9]
V  [jvm.dll+0x1ee9d7]
V  [jvm.dll+0x748afb]
V  [jvm.dll+0x749ea2]
V  [jvm.dll+0x74a1d8]
V  [jvm.dll+0x23ae5e]
V  [jvm.dll+0x37afce]
C  0x000001b5bf82b7f7

Java frames: (J=compiled Java code, j=interpreted, Vv=VM code)
j  sun.awt.SunHints.<clinit>()V+712 java.desktop@17.0.1
v  ~StubRoutines::call_stub
j  java.awt.RenderingHints.<clinit>()V+0 java.desktop@17.0.1
v  ~StubRoutines::call_stub
j  sun.awt.windows.WDesktopProperties.getDesktopAAHints()Ljava/awt/RenderingHints;+0 java.desktop@17.0.1
j  sun.awt.windows.WToolkit.getDesktopAAHints()Ljava/awt/RenderingHints;+13 java.desktop@17.0.1
j  sun.awt.SunToolkit.getDesktopFontHints()Ljava/awt/RenderingHints;+21 java.desktop@17.0.1
j  sun.awt.windows.WDesktopProperties.getProperties()Ljava/util/Map;+24 java.desktop@17.0.1
j  sun.awt.windows.WToolkit.lazilyInitWProps()V+24 java.desktop@17.0.1
j  sun.awt.windows.WToolkit.lazilyLoadDesktopProperty(Ljava/lang/String;)Ljava/lang/Object;+101 java.desktop@17.0.1
j  java.awt.Toolkit.getDesktopProperty(Ljava/lang/String;)Ljava/lang/Object;+70 java.desktop@17.0.1
j  javax.swing.UIManager.<clinit>()V+112 java.desktop@17.0.1
v  ~StubRoutines::call_stub
j  javax.swing.JPanel.updateUI()V+2 java.desktop@17.0.1
j  javax.swing.JPanel.<init>(Ljava/awt/LayoutManager;Z)V+24 java.desktop@17.0.1
j  javax.swing.JPanel.<init>(Z)V+9 java.desktop@17.0.1
j  javax.swing.JPanel.<init>()V+2 java.desktop@17.0.1
j  javax.swing.JRootPane.createGlassPane()Ljava/awt/Component;+4 java.desktop@17.0.1
j  javax.swing.JRootPane.<init>()V+11 java.desktop@17.0.1
j  javax.swing.JFrame.createRootPane()Ljavax/swing/JRootPane;+4 java.desktop@17.0.1
j  javax.swing.JFrame.frameInit()V+16 java.desktop@17.0.1
j  javax.swing.JFrame.<init>()V+20 java.desktop@17.0.1
j  nono.calendar.CalendarRepeat.main([Ljava/lang/String;)V+75
v  ~StubRoutines::call_stub

---------------  P R O C E S S  ---------------

Threads class SMR info:
_java_thread_list=0x000001b5d6304cf0, length=15, elements={
0x000001b5b7ff6ea0, 0x000001b5d5708f60, 0x000001b5d5709e20, 0x000001b5d5723de0,
0x000001b5d57246a0, 0x000001b5d5725f70, 0x000001b5d5729d30, 0x000001b5d5738a00,
0x000001b5d57393b0, 0x000001b5d574c880, 0x000001b5d61177e0, 0x000001b5d611ef10,
0x000001b5d6345840, 0x000001b5d630bb90, 0x000001b5d635a700
}

Java Threads: ( => current thread )
=>0x000001b5b7ff6ea0 JavaThread "main" [_thread_in_vm, id=5204, stack(0x0000003250f00000,0x0000003251000000)]
  0x000001b5d5708f60 JavaThread "Reference Handler" daemon [_thread_blocked, id=11284, stack(0x0000003251600000,0x0000003251700000)]
  0x000001b5d5709e20 JavaThread "Finalizer" daemon [_thread_blocked, id=7676, stack(0x0000003251700000,0x0000003251800000)]
  0x000001b5d5723de0 JavaThread "Signal Dispatcher" daemon [_thread_blocked, id=3296, stack(0x0000003251800000,0x0000003251900000)]
  0x000001b5d57246a0 JavaThread "Attach Listener" daemon [_thread_blocked, id=14208, stack(0x0000003251900000,0x0000003251a00000)]
  0x000001b5d5725f70 JavaThread "Service Thread" daemon [_thread_blocked, id=13508, stack(0x0000003251a00000,0x0000003251b00000)]
  0x000001b5d5729d30 JavaThread "Monitor Deflation Thread" daemon [_thread_blocked, id=10960, stack(0x0000003251b00000,0x0000003251c00000)]
  0x000001b5d5738a00 JavaThread "C2 CompilerThread0" daemon [_thread_blocked, id=9444, stack(0x0000003251c00000,0x0000003251d00000)]
  0x000001b5d57393b0 JavaThread "C1 CompilerThread0" daemon [_thread_in_vm, id=14292, stack(0x0000003251d00000,0x0000003251e00000)]
  0x000001b5d574c880 JavaThread "Sweeper thread" daemon [_thread_blocked, id=14212, stack(0x0000003251e00000,0x0000003251f00000)]
  0x000001b5d61177e0 JavaThread "Notification Thread" daemon [_thread_blocked, id=12440, stack(0x0000003251f00000,0x0000003252000000)]
  0x000001b5d611ef10 JavaThread "Common-Cleaner" daemon [_thread_blocked, id=10260, stack(0x0000003252100000,0x0000003252200000)]
  0x000001b5d6345840 JavaThread "Java2D Disposer" daemon [_thread_blocked, id=5828, stack(0x0000003252200000,0x0000003252300000)]
  0x000001b5d630bb90 JavaThread "AWT-Shutdown" [_thread_blocked, id=5332, stack(0x0000003252300000,0x0000003252400000)]
  0x000001b5d635a700 JavaThread "AWT-Windows" daemon [_thread_in_native, id=10544, stack(0x0000003252400000,0x0000003252500000)]

Other Threads:
  0x000001b5d5703b90 VMThread "VM Thread" [stack: 0x0000003251500000,0x0000003251600000] [id=12068]
  0x000001b5d57decd0 WatcherThread [stack: 0x0000003252000000,0x0000003252100000] [id=11452]
  0x000001b5b8033d30 GCTaskThread "GC Thread#0" [stack: 0x0000003251000000,0x0000003251100000] [id=8272]
  0x000001b5b8043160 ConcurrentGCThread "G1 Main Marker" [stack: 0x0000003251100000,0x0000003251200000] [id=10904]
  0x000001b5b8043a80 ConcurrentGCThread "G1 Conc#0" [stack: 0x0000003251200000,0x0000003251300000] [id=12284]
  0x000001b5b80bc9e0 ConcurrentGCThread "G1 Refine#0" [stack: 0x0000003251300000,0x0000003251400000] [id=248]
  0x000001b5b80bd310 ConcurrentGCThread "G1 Service" [stack: 0x0000003251400000,0x0000003251500000] [id=12536]

Threads with active compile tasks:
C1 CompilerThread0      409  301       3       java.lang.invoke.DirectMethodHandle::internalMemberName (8 bytes)

VM state: not at safepoint (normal execution)

VM Mutex/Monitor currently owned by a thread:  ([mutex/lock_event])
[0x000001b5b7ff1960] Metaspace_lock - owner thread: 0x000001b5b7ff6ea0
[0x000001b5b7ff4a60] MethodData_lock - owner thread: 0x000001b5d57393b0

Heap address: 0x0000000090e00000, size: 1778 MB, Compressed Oops mode: 32-bit

CDS archive(s) mapped at: [0x0000000800000000-0x0000000800bc0000-0x0000000800bc0000), size 12320768, SharedBaseAddress: 0x0000000800000000, ArchiveRelocationMode: 0.
Compressed class space mapped at: 0x0000000800c00000-0x0000000840c00000, reserved size: 1073741824
Narrow klass base: 0x0000000800000000, Narrow klass shift: 0, Narrow klass range: 0x100000000

GC Precious Log:
 CPUs: 8 total, 8 available
 Memory: 7106M
 Large Page Support: Disabled
 NUMA Support: Disabled
 Compressed Oops: Enabled (32-bit)
 Heap Region Size: 1M
 Heap Min Capacity: 8M
 Heap Initial Capacity: 112M
 Heap Max Capacity: 1778M
 Pre-touch: Disabled
 Parallel Workers: 8
 Concurrent Workers: 2
 Concurrent Refinement Workers: 8
 Periodic GC: Disabled

Heap:
 garbage-first heap   total 114688K, used 2048K [0x0000000090e00000, 0x0000000100000000)
  region size 1024K, 3 young (3072K), 0 survivors (0K)
 Metaspace       used 2950K, committed 3136K, reserved 1056768K
  class space    used 273K, committed 320K, reserved 1048576K

Heap Regions: E=young(eden), S=young(survivor), O=old, HS=humongous(starts), HC=humongous(continues), CS=collection set, F=free, OA=open archive, CA=closed archive, TAMS=top-at-mark-start (previous, next)
|   0|0x0000000090e00000, 0x0000000090e00000, 0x0000000090f00000|  0%| F|  |TAMS 0x0000000090e00000, 0x0000000090e00000| Untracked 
|   1|0x0000000090f00000, 0x0000000090f00000, 0x0000000091000000|  0%| F|  |TAMS 0x0000000090f00000, 0x0000000090f00000| Untracked 
|   2|0x0000000091000000, 0x0000000091000000, 0x0000000091100000|  0%| F|  |TAMS 0x0000000091000000, 0x0000000091000000| Untracked 
|   3|0x0000000091100000, 0x0000000091100000, 0x0000000091200000|  0%| F|  |TAMS 0x0000000091100000, 0x0000000091100000| Untracked 
|   4|0x0000000091200000, 0x0000000091200000, 0x0000000091300000|  0%| F|  |TAMS 0x0000000091200000, 0x0000000091200000| Untracked 
|   5|0x0000000091300000, 0x0000000091300000, 0x0000000091400000|  0%| F|  |TAMS 0x0000000091300000, 0x0000000091300000| Untracked 
|   6|0x0000000091400000, 0x0000000091400000, 0x0000000091500000|  0%| F|  |TAMS 0x0000000091400000, 0x0000000091400000| Untracked 
|   7|0x0000000091500000, 0x0000000091500000, 0x0000000091600000|  0%| F|  |TAMS 0x0000000091500000, 0x0000000091500000| Untracked 
|   8|0x0000000091600000, 0x0000000091600000, 0x0000000091700000|  0%| F|  |TAMS 0x0000000091600000, 0x0000000091600000| Untracked 
|   9|0x0000000091700000, 0x0000000091700000, 0x0000000091800000|  0%| F|  |TAMS 0x0000000091700000, 0x0000000091700000| Untracked 
|  10|0x0000000091800000, 0x0000000091800000, 0x0000000091900000|  0%| F|  |TAMS 0x0000000091800000, 0x0000000091800000| Untracked 
|  11|0x0000000091900000, 0x0000000091900000, 0x0000000091a00000|  0%| F|  |TAMS 0x0000000091900000, 0x0000000091900000| Untracked 
|  12|0x0000000091a00000, 0x0000000091a00000, 0x0000000091b00000|  0%| F|  |TAMS 0x0000000091a00000, 0x0000000091a00000| Untracked 
|  13|0x0000000091b00000, 0x0000000091b00000, 0x0000000091c00000|  0%| F|  |TAMS 0x0000000091b00000, 0x0000000091b00000| Untracked 
|  14|0x0000000091c00000, 0x0000000091c00000, 0x0000000091d00000|  0%| F|  |TAMS 0x0000000091c00000, 0x0000000091c00000| Untracked 
|  15|0x0000000091d00000, 0x0000000091d00000, 0x0000000091e00000|  0%| F|  |TAMS 0x0000000091d00000, 0x0000000091d00000| Untracked 
|  16|0x0000000091e00000, 0x0000000091e00000, 0x0000000091f00000|  0%| F|  |TAMS 0x0000000091e00000, 0x0000000091e00000| Untracked 
|  17|0x0000000091f00000, 0x0000000091f00000, 0x0000000092000000|  0%| F|  |TAMS 0x0000000091f00000, 0x0000000091f00000| Untracked 
|  18|0x0000000092000000, 0x0000000092000000, 0x0000000092100000|  0%| F|  |TAMS 0x0000000092000000, 0x0000000092000000| Untracked 
|  19|0x0000000092100000, 0x0000000092100000, 0x0000000092200000|  0%| F|  |TAMS 0x0000000092100000, 0x0000000092100000| Untracked 
|  20|0x0000000092200000, 0x0000000092200000, 0x0000000092300000|  0%| F|  |TAMS 0x0000000092200000, 0x0000000092200000| Untracked 
|  21|0x0000000092300000, 0x0000000092300000, 0x0000000092400000|  0%| F|  |TAMS 0x0000000092300000, 0x0000000092300000| Untracked 
|  22|0x0000000092400000, 0x0000000092400000, 0x0000000092500000|  0%| F|  |TAMS 0x0000000092400000, 0x0000000092400000| Untracked 
|  23|0x0000000092500000, 0x0000000092500000, 0x0000000092600000|  0%| F|  |TAMS 0x0000000092500000, 0x0000000092500000| Untracked 
|  24|0x0000000092600000, 0x0000000092600000, 0x0000000092700000|  0%| F|  |TAMS 0x0000000092600000, 0x0000000092600000| Untracked 
|  25|0x0000000092700000, 0x0000000092700000, 0x0000000092800000|  0%| F|  |TAMS 0x0000000092700000, 0x0000000092700000| Untracked 
|  26|0x0000000092800000, 0x0000000092800000, 0x0000000092900000|  0%| F|  |TAMS 0x0000000092800000, 0x0000000092800000| Untracked 
|  27|0x0000000092900000, 0x0000000092900000, 0x0000000092a00000|  0%| F|  |TAMS 0x0000000092900000, 0x0000000092900000| Untracked 
|  28|0x0000000092a00000, 0x0000000092a00000, 0x0000000092b00000|  0%| F|  |TAMS 0x0000000092a00000, 0x0000000092a00000| Untracked 
|  29|0x0000000092b00000, 0x0000000092b00000, 0x0000000092c00000|  0%| F|  |TAMS 0x0000000092b00000, 0x0000000092b00000| Untracked 
|  30|0x0000000092c00000, 0x0000000092c00000, 0x0000000092d00000|  0%| F|  |TAMS 0x0000000092c00000, 0x0000000092c00000| Untracked 
|  31|0x0000000092d00000, 0x0000000092d00000, 0x0000000092e00000|  0%| F|  |TAMS 0x0000000092d00000, 0x0000000092d00000| Untracked 
|  32|0x0000000092e00000, 0x0000000092e00000, 0x0000000092f00000|  0%| F|  |TAMS 0x0000000092e00000, 0x0000000092e00000| Untracked 
|  33|0x0000000092f00000, 0x0000000092f00000, 0x0000000093000000|  0%| F|  |TAMS 0x0000000092f00000, 0x0000000092f00000| Untracked 
|  34|0x0000000093000000, 0x0000000093000000, 0x0000000093100000|  0%| F|  |TAMS 0x0000000093000000, 0x0000000093000000| Untracked 
|  35|0x0000000093100000, 0x0000000093100000, 0x0000000093200000|  0%| F|  |TAMS 0x0000000093100000, 0x0000000093100000| Untracked 
|  36|0x0000000093200000, 0x0000000093200000, 0x0000000093300000|  0%| F|  |TAMS 0x0000000093200000, 0x0000000093200000| Untracked 
|  37|0x0000000093300000, 0x0000000093300000, 0x0000000093400000|  0%| F|  |TAMS 0x0000000093300000, 0x0000000093300000| Untracked 
|  38|0x0000000093400000, 0x0000000093400000, 0x0000000093500000|  0%| F|  |TAMS 0x0000000093400000, 0x0000000093400000| Untracked 
|  39|0x0000000093500000, 0x0000000093500000, 0x0000000093600000|  0%| F|  |TAMS 0x0000000093500000, 0x0000000093500000| Untracked 
|  40|0x0000000093600000, 0x0000000093600000, 0x0000000093700000|  0%| F|  |TAMS 0x0000000093600000, 0x0000000093600000| Untracked 
|  41|0x0000000093700000, 0x0000000093700000, 0x0000000093800000|  0%| F|  |TAMS 0x0000000093700000, 0x0000000093700000| Untracked 
|  42|0x0000000093800000, 0x0000000093800000, 0x0000000093900000|  0%| F|  |TAMS 0x0000000093800000, 0x0000000093800000| Untracked 
|  43|0x0000000093900000, 0x0000000093900000, 0x0000000093a00000|  0%| F|  |TAMS 0x0000000093900000, 0x0000000093900000| Untracked 
|  44|0x0000000093a00000, 0x0000000093a00000, 0x0000000093b00000|  0%| F|  |TAMS 0x0000000093a00000, 0x0000000093a00000| Untracked 
|  45|0x0000000093b00000, 0x0000000093b00000, 0x0000000093c00000|  0%| F|  |TAMS 0x0000000093b00000, 0x0000000093b00000| Untracked 
|  46|0x0000000093c00000, 0x0000000093c00000, 0x0000000093d00000|  0%| F|  |TAMS 0x0000000093c00000, 0x0000000093c00000| Untracked 
|  47|0x0000000093d00000, 0x0000000093d00000, 0x0000000093e00000|  0%| F|  |TAMS 0x0000000093d00000, 0x0000000093d00000| Untracked 
|  48|0x0000000093e00000, 0x0000000093e00000, 0x0000000093f00000|  0%| F|  |TAMS 0x0000000093e00000, 0x0000000093e00000| Untracked 
|  49|0x0000000093f00000, 0x0000000093f00000, 0x0000000094000000|  0%| F|  |TAMS 0x0000000093f00000, 0x0000000093f00000| Untracked 
|  50|0x0000000094000000, 0x0000000094000000, 0x0000000094100000|  0%| F|  |TAMS 0x0000000094000000, 0x0000000094000000| Untracked 
|  51|0x0000000094100000, 0x0000000094100000, 0x0000000094200000|  0%| F|  |TAMS 0x0000000094100000, 0x0000000094100000| Untracked 
|  52|0x0000000094200000, 0x0000000094200000, 0x0000000094300000|  0%| F|  |TAMS 0x0000000094200000, 0x0000000094200000| Untracked 
|  53|0x0000000094300000, 0x0000000094300000, 0x0000000094400000|  0%| F|  |TAMS 0x0000000094300000, 0x0000000094300000| Untracked 
|  54|0x0000000094400000, 0x0000000094400000, 0x0000000094500000|  0%| F|  |TAMS 0x0000000094400000, 0x0000000094400000| Untracked 
|  55|0x0000000094500000, 0x0000000094500000, 0x0000000094600000|  0%| F|  |TAMS 0x0000000094500000, 0x0000000094500000| Untracked 
|  56|0x0000000094600000, 0x0000000094600000, 0x0000000094700000|  0%| F|  |TAMS 0x0000000094600000, 0x0000000094600000| Untracked 
|  57|0x0000000094700000, 0x0000000094700000, 0x0000000094800000|  0%| F|  |TAMS 0x0000000094700000, 0x0000000094700000| Untracked 
|  58|0x0000000094800000, 0x0000000094800000, 0x0000000094900000|  0%| F|  |TAMS 0x0000000094800000, 0x0000000094800000| Untracked 
|  59|0x0000000094900000, 0x0000000094900000, 0x0000000094a00000|  0%| F|  |TAMS 0x0000000094900000, 0x0000000094900000| Untracked 
|  60|0x0000000094a00000, 0x0000000094a00000, 0x0000000094b00000|  0%| F|  |TAMS 0x0000000094a00000, 0x0000000094a00000| Untracked 
|  61|0x0000000094b00000, 0x0000000094b00000, 0x0000000094c00000|  0%| F|  |TAMS 0x0000000094b00000, 0x0000000094b00000| Untracked 
|  62|0x0000000094c00000, 0x0000000094c00000, 0x0000000094d00000|  0%| F|  |TAMS 0x0000000094c00000, 0x0000000094c00000| Untracked 
|  63|0x0000000094d00000, 0x0000000094d00000, 0x0000000094e00000|  0%| F|  |TAMS 0x0000000094d00000, 0x0000000094d00000| Untracked 
|  64|0x0000000094e00000, 0x0000000094e00000, 0x0000000094f00000|  0%| F|  |TAMS 0x0000000094e00000, 0x0000000094e00000| Untracked 
|  65|0x0000000094f00000, 0x0000000094f00000, 0x0000000095000000|  0%| F|  |TAMS 0x0000000094f00000, 0x0000000094f00000| Untracked 
|  66|0x0000000095000000, 0x0000000095000000, 0x0000000095100000|  0%| F|  |TAMS 0x0000000095000000, 0x0000000095000000| Untracked 
|  67|0x0000000095100000, 0x0000000095100000, 0x0000000095200000|  0%| F|  |TAMS 0x0000000095100000, 0x0000000095100000| Untracked 
|  68|0x0000000095200000, 0x0000000095200000, 0x0000000095300000|  0%| F|  |TAMS 0x0000000095200000, 0x0000000095200000| Untracked 
|  69|0x0000000095300000, 0x0000000095300000, 0x0000000095400000|  0%| F|  |TAMS 0x0000000095300000, 0x0000000095300000| Untracked 
|  70|0x0000000095400000, 0x0000000095400000, 0x0000000095500000|  0%| F|  |TAMS 0x0000000095400000, 0x0000000095400000| Untracked 
|  71|0x0000000095500000, 0x0000000095500000, 0x0000000095600000|  0%| F|  |TAMS 0x0000000095500000, 0x0000000095500000| Untracked 
|  72|0x0000000095600000, 0x0000000095600000, 0x0000000095700000|  0%| F|  |TAMS 0x0000000095600000, 0x0000000095600000| Untracked 
|  73|0x0000000095700000, 0x0000000095700000, 0x0000000095800000|  0%| F|  |TAMS 0x0000000095700000, 0x0000000095700000| Untracked 
|  74|0x0000000095800000, 0x0000000095800000, 0x0000000095900000|  0%| F|  |TAMS 0x0000000095800000, 0x0000000095800000| Untracked 
|  75|0x0000000095900000, 0x0000000095900000, 0x0000000095a00000|  0%| F|  |TAMS 0x0000000095900000, 0x0000000095900000| Untracked 
|  76|0x0000000095a00000, 0x0000000095a00000, 0x0000000095b00000|  0%| F|  |TAMS 0x0000000095a00000, 0x0000000095a00000| Untracked 
|  77|0x0000000095b00000, 0x0000000095b00000, 0x0000000095c00000|  0%| F|  |TAMS 0x0000000095b00000, 0x0000000095b00000| Untracked 
|  78|0x0000000095c00000, 0x0000000095c00000, 0x0000000095d00000|  0%| F|  |TAMS 0x0000000095c00000, 0x0000000095c00000| Untracked 
|  79|0x0000000095d00000, 0x0000000095d00000, 0x0000000095e00000|  0%| F|  |TAMS 0x0000000095d00000, 0x0000000095d00000| Untracked 
|  80|0x0000000095e00000, 0x0000000095e00000, 0x0000000095f00000|  0%| F|  |TAMS 0x0000000095e00000, 0x0000000095e00000| Untracked 
|  81|0x0000000095f00000, 0x0000000095f00000, 0x0000000096000000|  0%| F|  |TAMS 0x0000000095f00000, 0x0000000095f00000| Untracked 
|  82|0x0000000096000000, 0x0000000096000000, 0x0000000096100000|  0%| F|  |TAMS 0x0000000096000000, 0x0000000096000000| Untracked 
|  83|0x0000000096100000, 0x0000000096100000, 0x0000000096200000|  0%| F|  |TAMS 0x0000000096100000, 0x0000000096100000| Untracked 
|  84|0x0000000096200000, 0x0000000096200000, 0x0000000096300000|  0%| F|  |TAMS 0x0000000096200000, 0x0000000096200000| Untracked 
|  85|0x0000000096300000, 0x0000000096300000, 0x0000000096400000|  0%| F|  |TAMS 0x0000000096300000, 0x0000000096300000| Untracked 
|  86|0x0000000096400000, 0x0000000096400000, 0x0000000096500000|  0%| F|  |TAMS 0x0000000096400000, 0x0000000096400000| Untracked 
|  87|0x0000000096500000, 0x0000000096500000, 0x0000000096600000|  0%| F|  |TAMS 0x0000000096500000, 0x0000000096500000| Untracked 
|  88|0x0000000096600000, 0x0000000096600000, 0x0000000096700000|  0%| F|  |TAMS 0x0000000096600000, 0x0000000096600000| Untracked 
|  89|0x0000000096700000, 0x0000000096700000, 0x0000000096800000|  0%| F|  |TAMS 0x0000000096700000, 0x0000000096700000| Untracked 
|  90|0x0000000096800000, 0x0000000096800000, 0x0000000096900000|  0%| F|  |TAMS 0x0000000096800000, 0x0000000096800000| Untracked 
|  91|0x0000000096900000, 0x0000000096900000, 0x0000000096a00000|  0%| F|  |TAMS 0x0000000096900000, 0x0000000096900000| Untracked 
|  92|0x0000000096a00000, 0x0000000096a00000, 0x0000000096b00000|  0%| F|  |TAMS 0x0000000096a00000, 0x0000000096a00000| Untracked 
|  93|0x0000000096b00000, 0x0000000096b00000, 0x0000000096c00000|  0%| F|  |TAMS 0x0000000096b00000, 0x0000000096b00000| Untracked 
|  94|0x0000000096c00000, 0x0000000096c00000, 0x0000000096d00000|  0%| F|  |TAMS 0x0000000096c00000, 0x0000000096c00000| Untracked 
|  95|0x0000000096d00000, 0x0000000096d00000, 0x0000000096e00000|  0%| F|  |TAMS 0x0000000096d00000, 0x0000000096d00000| Untracked 
|  96|0x0000000096e00000, 0x0000000096e00000, 0x0000000096f00000|  0%| F|  |TAMS 0x0000000096e00000, 0x0000000096e00000| Untracked 
|  97|0x0000000096f00000, 0x0000000096f00000, 0x0000000097000000|  0%| F|  |TAMS 0x0000000096f00000, 0x0000000096f00000| Untracked 
|  98|0x0000000097000000, 0x0000000097000000, 0x0000000097100000|  0%| F|  |TAMS 0x0000000097000000, 0x0000000097000000| Untracked 
|  99|0x0000000097100000, 0x0000000097100000, 0x0000000097200000|  0%| F|  |TAMS 0x0000000097100000, 0x0000000097100000| Untracked 
| 100|0x0000000097200000, 0x0000000097200000, 0x0000000097300000|  0%| F|  |TAMS 0x0000000097200000, 0x0000000097200000| Untracked 
| 101|0x0000000097300000, 0x0000000097300000, 0x0000000097400000|  0%| F|  |TAMS 0x0000000097300000, 0x0000000097300000| Untracked 
| 102|0x0000000097400000, 0x0000000097400000, 0x0000000097500000|  0%| F|  |TAMS 0x0000000097400000, 0x0000000097400000| Untracked 
| 103|0x0000000097500000, 0x0000000097500000, 0x0000000097600000|  0%| F|  |TAMS 0x0000000097500000, 0x0000000097500000| Untracked 
| 104|0x0000000097600000, 0x0000000097600000, 0x0000000097700000|  0%| F|  |TAMS 0x0000000097600000, 0x0000000097600000| Untracked 
| 105|0x0000000097700000, 0x0000000097700000, 0x0000000097800000|  0%| F|  |TAMS 0x0000000097700000, 0x0000000097700000| Untracked 
| 106|0x0000000097800000, 0x0000000097800000, 0x0000000097900000|  0%| F|  |TAMS 0x0000000097800000, 0x0000000097800000| Untracked 
| 107|0x0000000097900000, 0x0000000097900000, 0x0000000097a00000|  0%| F|  |TAMS 0x0000000097900000, 0x0000000097900000| Untracked 
| 108|0x0000000097a00000, 0x0000000097a00000, 0x0000000097b00000|  0%| F|  |TAMS 0x0000000097a00000, 0x0000000097a00000| Untracked 
| 109|0x0000000097b00000, 0x0000000097c00000, 0x0000000097c00000|100%| E|  |TAMS 0x0000000097b00000, 0x0000000097b00000| Complete 
| 110|0x0000000097c00000, 0x0000000097d00000, 0x0000000097d00000|100%| E|CS|TAMS 0x0000000097c00000, 0x0000000097c00000| Complete 
| 111|0x0000000097d00000, 0x0000000097e00000, 0x0000000097e00000|100%| E|CS|TAMS 0x0000000097d00000, 0x0000000097d00000| Complete 

Card table byte_map: [0x000001b5ceec0000,0x000001b5cf240000] _byte_map_base: 0x000001b5cea39000

Marking Bits (Prev, Next): (CMBitMap*) 0x000001b5b8034250, (CMBitMap*) 0x000001b5b8034290
 Prev Bits: [0x000001b5cf5c0000, 0x000001b5d1188000)
 Next Bits: [0x000001b5d1190000, 0x000001b5d2d58000)

Polling page: 0x000001b5b5f00000

Metaspace:

Usage:
  Non-class:      2.61 MB used.
      Class:    273.18 KB used.
       Both:      2.88 MB used.

Virtual space:
  Non-class space:        8.00 MB reserved,       2.75 MB ( 34%) committed,  1 nodes.
      Class space:        1.00 GB reserved,     320.00 KB ( <1%) committed,  1 nodes.
             Both:        1.01 GB reserved,       3.06 MB ( <1%) committed. 

Chunk freelists:
   Non-Class:  3.93 MB
       Class:  3.59 MB
        Both:  7.52 MB

MaxMetaspaceSize: unlimited
CompressedClassSpaceSize: 1.00 GB
Initial GC threshold: 21.00 MB
Current GC threshold: 21.00 MB
CDS: on
MetaspaceReclaimPolicy: balanced
 - commit_granule_bytes: 65536.
 - commit_granule_words: 8192.
 - virtual_space_node_default_size: 1048576.
 - enlarge_chunks_in_place: 1.
 - new_chunks_are_fully_committed: 0.
 - uncommit_free_chunks: 1.
 - use_allocation_guard: 0.
 - handle_deallocations: 1.


Internal statistics:

num_allocs_failed_limit: 0.
num_arena_births: 72.
num_arena_deaths: 0.
num_vsnodes_births: 2.
num_vsnodes_deaths: 0.
num_space_committed: 49.
num_space_uncommitted: 0.
num_chunks_returned_to_freelist: 0.
num_chunks_taken_from_freelist: 89.
num_chunk_merges: 0.
num_chunk_splits: 54.
num_chunks_enlarged: 19.
num_purges: 0.
num_inconsistent_stats: 0.

CodeHeap 'non-profiled nmethods': size=120000Kb used=98Kb max_used=98Kb free=119901Kb
 bounds [0x000001b5c72e0000, 0x000001b5c7550000, 0x000001b5ce810000]
CodeHeap 'profiled nmethods': size=120000Kb used=428Kb max_used=428Kb free=119571Kb
 bounds [0x000001b5bfdb0000, 0x000001b5c0020000, 0x000001b5c72e0000]
CodeHeap 'non-nmethods': size=5760Kb used=1162Kb max_used=1176Kb free=4597Kb
 bounds [0x000001b5bf810000, 0x000001b5bfa80000, 0x000001b5bfdb0000]
 total_blobs=758 nmethods=301 adapters=370
 compilation: enabled
              stopped_count=0, restarted_count=0
 full_count=0

Compilation events (20 events):
Event: 0.380 Thread 0x000001b5d57393b0  290       3       java.lang.invoke.LambdaForm$Name::<init> (44 bytes)
Event: 0.381 Thread 0x000001b5d57393b0 nmethod 290 0x000001b5bfe13a10 code [0x000001b5bfe13c20, 0x000001b5bfe141c8]
Event: 0.381 Thread 0x000001b5d57393b0  291       3       jdk.internal.org.objectweb.asm.Frame::pop (44 bytes)
Event: 0.381 Thread 0x000001b5d57393b0 nmethod 291 0x000001b5bfe14490 code [0x000001b5bfe14620, 0x000001b5bfe147b8]
Event: 0.381 Thread 0x000001b5d57393b0  292       3       java.lang.invoke.LambdaForm::parameterType (9 bytes)
Event: 0.381 Thread 0x000001b5d57393b0 nmethod 292 0x000001b5bfe14890 code [0x000001b5bfe14a40, 0x000001b5bfe14b88]
Event: 0.381 Thread 0x000001b5d57393b0  293       3       jdk.internal.org.objectweb.asm.ByteVector::put11 (52 bytes)
Event: 0.381 Thread 0x000001b5d57393b0 nmethod 293 0x000001b5bfe14c90 code [0x000001b5bfe14e40, 0x000001b5bfe15048]
Event: 0.381 Thread 0x000001b5d57393b0  294       3       java.lang.invoke.MethodType::insertParameterTypes (121 bytes)
Event: 0.382 Thread 0x000001b5d57393b0 nmethod 294 0x000001b5bfe15190 code [0x000001b5bfe15460, 0x000001b5bfe16248]
Event: 0.382 Thread 0x000001b5d57393b0  289       1       jdk.internal.org.objectweb.asm.SymbolTable::getMajorVersion (5 bytes)
Event: 0.382 Thread 0x000001b5d57393b0 nmethod 289 0x000001b5c72f8310 code [0x000001b5c72f84a0, 0x000001b5c72f8578]
Event: 0.383 Thread 0x000001b5d57393b0  297   !   3       java.lang.invoke.MemberName::getMethodType (211 bytes)
Event: 0.385 Thread 0x000001b5d57393b0 nmethod 297 0x000001b5bfe16790 code [0x000001b5bfe16a80, 0x000001b5bfe18058]
Event: 0.385 Thread 0x000001b5d57393b0  299       3       java.lang.String::hashCode (60 bytes)
Event: 0.385 Thread 0x000001b5d57393b0 nmethod 299 0x000001b5bfe18610 code [0x000001b5bfe187e0, 0x000001b5bfe18b58]
Event: 0.385 Thread 0x000001b5d57393b0  298       3       jdk.internal.org.objectweb.asm.Frame::setLocal (65 bytes)
Event: 0.385 Thread 0x000001b5d57393b0 nmethod 298 0x000001b5bfe18c10 code [0x000001b5bfe18de0, 0x000001b5bfe19308]
Event: 0.388 Thread 0x000001b5d57393b0  300       3       java.util.HashMap::resize (356 bytes)
Event: 0.389 Thread 0x000001b5d5738a00  302       4       java.lang.String::length (11 bytes)

GC Heap History (0 events):
No events

Deoptimization events (8 events):
Event: 0.134 Thread 0x000001b5b7ff6ea0 Uncommon trap: trap_request=0xffffff45 fr.pc=0x000001b5c72e44fc relative=0x000000000000007c
Event: 0.134 Thread 0x000001b5b7ff6ea0 Uncommon trap: reason=unstable_if action=reinterpret pc=0x000001b5c72e44fc method=java.lang.String.charAt(I)C @ 4 c2
Event: 0.134 Thread 0x000001b5b7ff6ea0 DEOPT PACKING pc=0x000001b5c72e44fc sp=0x0000003250ffc900
Event: 0.134 Thread 0x000001b5b7ff6ea0 DEOPT UNPACKING pc=0x000001b5bf8623a3 sp=0x0000003250ffc8a0 mode 2
Event: 0.383 Thread 0x000001b5b7ff6ea0 Uncommon trap: trap_request=0xffffff45 fr.pc=0x000001b5c72eef30 relative=0x0000000000000230
Event: 0.383 Thread 0x000001b5b7ff6ea0 Uncommon trap: reason=unstable_if action=reinterpret pc=0x000001b5c72eef30 method=java.lang.String.hashCode()I @ 20 c2
Event: 0.383 Thread 0x000001b5b7ff6ea0 DEOPT PACKING pc=0x000001b5c72eef30 sp=0x0000003250ffd370
Event: 0.383 Thread 0x000001b5b7ff6ea0 DEOPT UNPACKING pc=0x000001b5bf8623a3 sp=0x0000003250ffd300 mode 2

Classes unloaded (0 events):
No events

Classes redefined (0 events):
No events

Internal exceptions (4 events):
Event: 0.101 Thread 0x000001b5b7ff6ea0 Exception <a 'java/lang/ClassNotFoundException'{0x0000000097cdbf90}: sun/awt/resources/spi/awtProvider> (0x0000000097cdbf90) 
thrown [t:\workspace\open\src\hotspot\share\classfile\systemDictionary.cpp, line 256]
Event: 0.134 Thread 0x000001b5b7ff6ea0 Exception <a 'java/io/FileNotFoundException'{0x0000000097b35868}> (0x0000000097b35868) 
thrown [t:\workspace\open\src\hotspot\share\prims\jni.cpp, line 516]
Event: 0.143 Thread 0x000001b5b7ff6ea0 Exception <a 'java/io/FileNotFoundException'{0x0000000097b62a08}> (0x0000000097b62a08) 
thrown [t:\workspace\open\src\hotspot\share\prims\jni.cpp, line 516]
Event: 0.189 Thread 0x000001b5b7ff6ea0 Exception <a 'java/lang/NoSuchMethodError'{0x0000000097ba3698}: 'java.lang.Object java.lang.invoke.DirectMethodHandle$Holder.invokeStaticInit(java.lang.Object)'> (0x0000000097ba3698) 
thrown [t:\workspace\open\src\hotspot\share\interpreter\linkResolver.cpp, line 766]

VM Operations (0 events):
No events

Events (20 events):
Event: 0.383 loading class java/util/concurrent/locks/ReentrantReadWriteLock$ReadLock done
Event: 0.383 loading class java/util/concurrent/locks/ReentrantReadWriteLock$WriteLock
Event: 0.383 loading class java/util/concurrent/locks/ReentrantReadWriteLock$WriteLock done
Event: 0.384 loading class java/awt/Color
Event: 0.384 loading class java/awt/Paint
Event: 0.384 loading class java/awt/Paint done
Event: 0.385 loading class java/awt/Color done
Event: 0.386 loading class sun/awt/windows/WDesktopProperties$WinPlaySound
Event: 0.386 loading class sun/awt/windows/WDesktopProperties$WinPlaySound done
Event: 0.387 loading class java/awt/RenderingHints
Event: 0.388 loading class java/awt/RenderingHints done
Event: 0.388 loading class sun/awt/SunHints
Event: 0.388 loading class sun/awt/SunHints done
Event: 0.388 loading class sun/awt/SunHints$Key
Event: 0.388 loading class java/awt/RenderingHints$Key
Event: 0.388 loading class java/awt/RenderingHints$Key done
Event: 0.388 loading class sun/awt/SunHints$Key done
Event: 0.388 loading class sun/awt/SunHints$Value
Event: 0.388 loading class sun/awt/SunHints$Value done
Event: 0.389 loading class sun/awt/SunHints$LCDContrastKey


Dynamic libraries:
0x00007ff604900000 - 0x00007ff604910000 	C:\Program Files\Java\jdk-17.0.1\bin\javaw.exe
0x00007ffd381b0000 - 0x00007ffd383a4000 	C:\WINDOWS\SYSTEM32\ntdll.dll
0x00007ffd37a20000 - 0x00007ffd37add000 	C:\WINDOWS\System32\KERNEL32.DLL
0x00007ffd35900000 - 0x00007ffd35bc7000 	C:\WINDOWS\System32\KERNELBASE.dll
0x00007ffd35f10000 - 0x00007ffd36010000 	C:\WINDOWS\System32\ucrtbase.dll
0x00007ffd17370000 - 0x00007ffd17388000 	C:\Program Files\Java\jdk-17.0.1\bin\jli.dll
0x00007ffd14020000 - 0x00007ffd1403a000 	C:\Program Files\Java\jdk-17.0.1\bin\VCRUNTIME140.dll
0x00007ffd37e10000 - 0x00007ffd37eba000 	C:\WINDOWS\System32\ADVAPI32.dll
0x00007ffd36280000 - 0x00007ffd3631e000 	C:\WINDOWS\System32\msvcrt.dll
0x00007ffd37980000 - 0x00007ffd37a1b000 	C:\WINDOWS\System32\sechost.dll
0x00007ffd37520000 - 0x00007ffd37643000 	C:\WINDOWS\System32\RPCRT4.dll
0x00007ffd22290000 - 0x00007ffd2252a000 	C:\WINDOWS\WinSxS\amd64_microsoft.windows.common-controls_6595b64144ccf1df_6.0.19041.1_none_b555e41d4684ddec\COMCTL32.dll
0x00007ffd37680000 - 0x00007ffd37820000 	C:\WINDOWS\System32\USER32.dll
0x00007ffd36040000 - 0x00007ffd36062000 	C:\WINDOWS\System32\win32u.dll
0x00007ffd37650000 - 0x00007ffd3767a000 	C:\WINDOWS\System32\GDI32.dll
0x00007ffd36110000 - 0x00007ffd3621a000 	C:\WINDOWS\System32\gdi32full.dll
0x00007ffd36070000 - 0x00007ffd3610d000 	C:\WINDOWS\System32\msvcp_win.dll
0x00007ffd2f750000 - 0x00007ffd2f75a000 	C:\WINDOWS\SYSTEM32\VERSION.dll
0x00007ffd37400000 - 0x00007ffd37430000 	C:\WINDOWS\System32\IMM32.DLL
0x00007ffd29cf0000 - 0x00007ffd29cfc000 	C:\Program Files\Java\jdk-17.0.1\bin\vcruntime140_1.dll
0x00007ffd0ac80000 - 0x00007ffd0ad0d000 	C:\Program Files\Java\jdk-17.0.1\bin\msvcp140.dll
0x00007ffce2fb0000 - 0x00007ffce3b6e000 	C:\Program Files\Java\jdk-17.0.1\bin\server\jvm.dll
0x00007ffd37b90000 - 0x00007ffd37b98000 	C:\WINDOWS\System32\PSAPI.DLL
0x00007ffd2f410000 - 0x00007ffd2f437000 	C:\WINDOWS\SYSTEM32\WINMM.dll
0x00007ffd23390000 - 0x00007ffd23399000 	C:\WINDOWS\SYSTEM32\WSOCK32.dll
0x00007ffd37da0000 - 0x00007ffd37e0b000 	C:\WINDOWS\System32\WS2_32.dll
0x00007ffd33890000 - 0x00007ffd338a3000 	C:\WINDOWS\SYSTEM32\kernel.appcore.dll
0x00007ffd231c0000 - 0x00007ffd231ca000 	C:\Program Files\Java\jdk-17.0.1\bin\jimage.dll
0x00007ffd285f0000 - 0x00007ffd287d4000 	C:\WINDOWS\SYSTEM32\DBGHELP.DLL
0x00007ffd283e0000 - 0x00007ffd2840c000 	C:\WINDOWS\SYSTEM32\dbgcore.DLL
0x00007ffd35bd0000 - 0x00007ffd35c4f000 	C:\WINDOWS\System32\bcryptPrimitives.dll
0x00007ffd0f7e0000 - 0x00007ffd0f805000 	C:\Program Files\Java\jdk-17.0.1\bin\java.dll
0x00007ffcf37c0000 - 0x00007ffcf3896000 	C:\Program Files\Java\jdk-17.0.1\bin\svml.dll
0x00007ffd364e0000 - 0x00007ffd36c15000 	C:\WINDOWS\System32\SHELL32.dll
0x00007ffd33a90000 - 0x00007ffd3421f000 	C:\WINDOWS\SYSTEM32\windows.storage.dll
0x00007ffd370a0000 - 0x00007ffd373f3000 	C:\WINDOWS\System32\combase.dll
0x00007ffd35380000 - 0x00007ffd353ab000 	C:\WINDOWS\SYSTEM32\Wldp.dll
0x00007ffd37ec0000 - 0x00007ffd37f6e000 	C:\WINDOWS\System32\SHCORE.dll
0x00007ffd37430000 - 0x00007ffd37485000 	C:\WINDOWS\System32\shlwapi.dll
0x00007ffd35840000 - 0x00007ffd3585f000 	C:\WINDOWS\SYSTEM32\profapi.dll
0x00007ffcf9620000 - 0x00007ffcf97af000 	C:\Program Files\Java\jdk-17.0.1\bin\awt.dll
0x00007ffd37ba0000 - 0x00007ffd37c6d000 	C:\WINDOWS\System32\OLEAUT32.dll
0x00007ffd33200000 - 0x00007ffd33290000 	C:\WINDOWS\SYSTEM32\apphelp.dll
0x00007ffd335a0000 - 0x00007ffd335ce000 	C:\WINDOWS\system32\DWMAPI.DLL
0x00007ffd333d0000 - 0x00007ffd3346f000 	C:\WINDOWS\system32\uxtheme.dll
0x00007ffcf93a0000 - 0x00007ffcf94fc000 	C:\WINDOWS\system32\opengl32.dll
0x00007ffd2ab60000 - 0x00007ffd2ab8c000 	C:\WINDOWS\SYSTEM32\GLU32.dll
0x00007ffd37ff0000 - 0x00007ffd38105000 	C:\WINDOWS\System32\MSCTF.dll
0x00007ffd37c70000 - 0x00007ffd37d99000 	C:\WINDOWS\System32\ole32.dll
0x00007ffcfa050000 - 0x00007ffcfa21d000 	C:\WINDOWS\system32\d3d9.dll
0x00007ffd2e190000 - 0x00007ffd2e36b000 	C:\WINDOWS\System32\DriverStore\FileRepository\u0357776.inf_amd64_5cb88e05332b51cb\B357669\aticfx64.dll
0x00007ffd1c3f0000 - 0x00007ffd1c423000 	C:\WINDOWS\System32\DriverStore\FileRepository\u0357776.inf_amd64_5cb88e05332b51cb\B357669\atiu9p64.dll
0x00007ffcf8640000 - 0x00007ffcf9318000 	C:\WINDOWS\System32\DriverStore\FileRepository\u0357776.inf_amd64_5cb88e05332b51cb\B357669\atiumd64.dll
0x0000000076550000 - 0x00000000773de000 	C:\WINDOWS\System32\DriverStore\FileRepository\u0357776.inf_amd64_5cb88e05332b51cb\B357669\atiumd6a.dll
0x00007ffd35000000 - 0x00007ffd3504b000 	C:\WINDOWS\SYSTEM32\POWRPROF.dll
0x00007ffd34f00000 - 0x00007ffd34f12000 	C:\WINDOWS\SYSTEM32\UMPDC.dll
0x00007ffd2c990000 - 0x00007ffd2c9bf000 	C:\WINDOWS\SYSTEM32\amdihk64.dll

dbghelp: loaded successfully - version: 4.0.5 - missing functions: none
symbol engine: initialized successfully - sym options: 0x614 - pdb path: .;C:\Program Files\Java\jdk-17.0.1\bin;C:\WINDOWS\SYSTEM32;C:\WINDOWS\WinSxS\amd64_microsoft.windows.common-controls_6595b64144ccf1df_6.0.19041.1_none_b555e41d4684ddec;C:\Program Files\Java\jdk-17.0.1\bin\server;C:\WINDOWS\System32\DriverStore\FileRepository\u0357776.inf_amd64_5cb88e05332b51cb\B357669

VM Arguments:
jvm_args: -Dfile.encoding=UTF-8 -XX:+ShowCodeDetailsInExceptionMessages 
java_command: nono.calendar.CalendarRepeat
java_class_path (initial): C:\Users\dbsgh\eclipse-workspace\Calendar
Launcher Type: SUN_STANDARD

[Global flags]
     intx CICompilerCount                          = 4                                         {product} {ergonomic}
     uint ConcGCThreads                            = 2                                         {product} {ergonomic}
     uint G1ConcRefinementThreads                  = 8                                         {product} {ergonomic}
   size_t G1HeapRegionSize                         = 1048576                                   {product} {ergonomic}
    uintx GCDrainStackTargetSize                   = 64                                        {product} {ergonomic}
   size_t InitialHeapSize                          = 117440512                                 {product} {ergonomic}
   size_t MarkStackSize                            = 4194304                                   {product} {ergonomic}
   size_t MaxHeapSize                              = 1864368128                                {product} {ergonomic}
   size_t MaxNewSize                               = 1117782016                                {product} {ergonomic}
   size_t MinHeapDeltaBytes                        = 1048576                                   {product} {ergonomic}
   size_t MinHeapSize                              = 8388608                                   {product} {ergonomic}
    uintx NonNMethodCodeHeapSize                   = 5839372                                {pd product} {ergonomic}
    uintx NonProfiledCodeHeapSize                  = 122909434                              {pd product} {ergonomic}
    uintx ProfiledCodeHeapSize                     = 122909434                              {pd product} {ergonomic}
    uintx ReservedCodeCacheSize                    = 251658240                              {pd product} {ergonomic}
     bool SegmentedCodeCache                       = true                                      {product} {ergonomic}
     bool ShowCodeDetailsInExceptionMessages       = true                                   {manageable} {command line}
   size_t SoftMaxHeapSize                          = 1864368128                             {manageable} {ergonomic}
     bool UseCompressedClassPointers               = true                           {product lp64_product} {ergonomic}
     bool UseCompressedOops                        = true                           {product lp64_product} {ergonomic}
     bool UseG1GC                                  = true                                      {product} {ergonomic}
     bool UseLargePagesIndividualAllocation        = false                                  {pd product} {ergonomic}

Logging:
Log output configuration:
 #0: stdout all=warning uptime,level,tags
 #1: stderr all=off uptime,level,tags

Environment Variables:
PATH=C:\Program Files\Common Files\Oracle\Java\javapath;"C:\Program Files (x86)\Common Files\Oracle\Java\javapath;%JAVA_HOME%\bin;";C:\Users\dbsgh\AppData\Local\Microsoft\WindowsApps;C:\Program Files\Bandizip\;C:\Program Files\Java\jdk-17.0.1\bin;
USERNAME=dbsgh
OS=Windows_NT
PROCESSOR_IDENTIFIER=AMD64 Family 23 Model 24 Stepping 1, AuthenticAMD



---------------  S Y S T E M  ---------------

OS:
 Windows 10 , 64 bit Build 19041 (10.0.19041.292)
OS uptime: 3 days 5:00 hours

CPU: total 8 (initial active 8) (8 cores per cpu, 2 threads per core) family 23 model 24 stepping 1 microcode 0x0, cx8, cmov, fxsr, ht, mmx, 3dnowpref, sse, sse2, sse3, ssse3, sse4a, sse4.1, sse4.2, popcnt, lzcnt, tsc, tscinvbit, avx, avx2, aes, clmul, bmi1, bmi2, adx, sha, fma, vzeroupper, clflush, clflushopt

Memory: 4k page, system-wide physical 7106M (2034M free)
TotalPageFile size 8762M (AvailPageFile size 4M)
current process WorkingSet (physical memory assigned to process): 47M, peak: 47M
current process commit charge ("private bytes"): 209M, peak: 210M

vm_info: Java HotSpot(TM) 64-Bit Server VM (17.0.1+12-LTS-39) for windows-amd64 JRE (17.0.1+12-LTS-39), built on Sep 27 2021 18:41:35 by "mach5one" with MS VC++ 16.8 (VS2019)

END.
