#
# There is insufficient memory for the Java Runtime Environment to continue.
# Native memory allocation (mmap) failed to map 117440512 bytes for G1 virtual space
# Possible reasons:
#   The system is out of physical RAM or swap space
#   The process is running with CompressedOops enabled, and the Java Heap may be blocking the growth of the native heap
# Possible solutions:
#   Reduce memory load on the system
#   Increase physical memory or swap space
#   Check if swap backing store is full
#   Decrease Java heap size (-Xmx/-Xms)
#   Decrease number of Java threads
#   Decrease Java thread stack sizes (-Xss)
#   Set larger code cache with -XX:ReservedCodeCacheSize=
#   JVM is running with Unscaled Compressed Oops mode in which the Java heap is
#     placed in the first 4GB address space. The Java Heap base address is the
#     maximum limit for the native heap growth. Please use -XX:HeapBaseMinAddress
#     to set the Java Heap base and to place the Java Heap above 4GB virtual address.
# This output file may be truncated or incomplete.
#
#  Out of Memory Error (os_windows.cpp:3469), pid=2980, tid=11472
#
# JRE version:  (17.0.1+12) (build )
# Java VM: Java HotSpot(TM) 64-Bit Server VM (17.0.1+12-LTS-39, mixed mode, sharing, tiered, compressed oops, compressed class ptrs, g1 gc, windows-amd64)
# No core dump will be written. Minidumps are not enabled by default on client versions of Windows
#

---------------  S U M M A R Y ------------

Command Line: -Dfile.encoding=UTF-8 -XX:+ShowCodeDetailsInExceptionMessages nono.calendar.VraiVraiCal

Host: AMD Ryzen 5 3500U with Radeon Vega Mobile Gfx  , 8 cores, 6G,  Windows 10 , 64 bit Build 19041 (10.0.19041.292)
Time: Fri Feb 11 05:22:31 2022  Windows 10 , 64 bit Build 19041 (10.0.19041.292) elapsed time: 0.016943 seconds (0d 0h 0m 0s)

---------------  T H R E A D  ---------------

Current thread (0x0000020af9c890a0):  JavaThread "Unknown thread" [_thread_in_vm, id=11472, stack(0x0000000fcf000000,0x0000000fcf100000)]

Stack: [0x0000000fcf000000,0x0000000fcf100000]
Native frames: (J=compiled Java code, j=interpreted, Vv=VM code, C=native code)
V  [jvm.dll+0x66fa1a]
V  [jvm.dll+0x7ce5a4]
V  [jvm.dll+0x7cfd4e]
V  [jvm.dll+0x7d03b3]
V  [jvm.dll+0x242b05]
V  [jvm.dll+0x66ca39]
V  [jvm.dll+0x661502]
V  [jvm.dll+0x30081b]
V  [jvm.dll+0x307da6]
V  [jvm.dll+0x357a1e]
V  [jvm.dll+0x357c4f]
V  [jvm.dll+0x2d7ad8]
V  [jvm.dll+0x2d8a44]
V  [jvm.dll+0x7a01e1]
V  [jvm.dll+0x365791]
V  [jvm.dll+0x77f6cc]
V  [jvm.dll+0x3e812f]
V  [jvm.dll+0x3e9bd1]
C  [jli.dll+0x527b]
C  [ucrtbase.dll+0x21542]
C  [KERNEL32.DLL+0x16fd4]
C  [ntdll.dll+0x4cec1]


---------------  P R O C E S S  ---------------

Threads class SMR info:
_java_thread_list=0x00007ffd704f7818, length=0, elements={
}

Java Threads: ( => current thread )

Other Threads:
  0x0000020af9cc5520 GCTaskThread "GC Thread#0" [stack: 0x0000000fcf100000,0x0000000fcf200000] [id=2816]
  0x0000020af9cd4850 ConcurrentGCThread "G1 Main Marker" [stack: 0x0000000fcf200000,0x0000000fcf300000] [id=10720]
  0x0000020af9cd5070 ConcurrentGCThread "G1 Conc#0" [stack: 0x0000000fcf300000,0x0000000fcf400000] [id=2852]

[error occurred during error reporting (printing all threads), id 0xc0000005, EXCEPTION_ACCESS_VIOLATION (0xc0000005) at pc=0x00007ffd6fd484b7]

VM state: not at safepoint (not fully initialized)

VM Mutex/Monitor currently owned by a thread:  ([mutex/lock_event])
[0x0000020af9c851b0] Heap_lock - owner thread: 0x0000020af9c890a0

Heap address: 0x0000000090e00000, size: 1778 MB, Compressed Oops mode: 32-bit

CDS archive(s) mapped at: [0x0000000000000000-0x0000000000000000-0x0000000000000000), size 0, SharedBaseAddress: 0x0000000800000000, ArchiveRelocationMode: 0.
Narrow klass base: 0x0000000000000000, Narrow klass shift: 0, Narrow klass range: 0x0

GC Precious Log:
<Empty>

Heap:
 garbage-first heap   total 0K, used 0K [0x0000000090e00000, 0x0000000100000000)
  region size 1024K, 0 young (0K), 0 survivors (0K)

[error occurred during error reporting (printing heap information), id 0xc0000005, EXCEPTION_ACCESS_VIOLATION (0xc0000005) at pc=0x00007ffd70128d89]

GC Heap History (0 events):
No events

Deoptimization events (0 events):
No events

Classes unloaded (0 events):
No events

Classes redefined (0 events):
No events

Internal exceptions (0 events):
No events

VM Operations (0 events):
No events

Events (1 events):
Event: 0.011 Loaded shared library C:\Program Files\Java\jdk-17.0.1\bin\java.dll


Dynamic libraries:
0x00007ff752670000 - 0x00007ff752680000 	C:\Program Files\Java\jdk-17.0.1\bin\javaw.exe
0x00007ffdb4ff0000 - 0x00007ffdb51e4000 	C:\WINDOWS\SYSTEM32\ntdll.dll
0x00007ffdb3110000 - 0x00007ffdb31cd000 	C:\WINDOWS\System32\KERNEL32.DLL
0x00007ffdb2b30000 - 0x00007ffdb2df7000 	C:\WINDOWS\System32\KERNELBASE.dll
0x00007ffdb2f60000 - 0x00007ffdb3060000 	C:\WINDOWS\System32\ucrtbase.dll
0x00007ffda1ce0000 - 0x00007ffda1cfa000 	C:\Program Files\Java\jdk-17.0.1\bin\VCRUNTIME140.dll
0x00007ffda1b90000 - 0x00007ffda1ba8000 	C:\Program Files\Java\jdk-17.0.1\bin\jli.dll
0x00007ffdb4900000 - 0x00007ffdb49aa000 	C:\WINDOWS\System32\ADVAPI32.dll
0x00007ffdb40c0000 - 0x00007ffdb415e000 	C:\WINDOWS\System32\msvcrt.dll
0x00007ffdb4010000 - 0x00007ffdb40ab000 	C:\WINDOWS\System32\sechost.dll
0x00007ffdb4e20000 - 0x00007ffdb4f43000 	C:\WINDOWS\System32\RPCRT4.dll
0x00007ffdb32b0000 - 0x00007ffdb3450000 	C:\WINDOWS\System32\USER32.dll
0x00007ffdb2f30000 - 0x00007ffdb2f52000 	C:\WINDOWS\System32\win32u.dll
0x00007ffd9e700000 - 0x00007ffd9e99a000 	C:\WINDOWS\WinSxS\amd64_microsoft.windows.common-controls_6595b64144ccf1df_6.0.19041.1_none_b555e41d4684ddec\COMCTL32.dll
0x00007ffdb31d0000 - 0x00007ffdb31fa000 	C:\WINDOWS\System32\GDI32.dll
0x00007ffdb29f0000 - 0x00007ffdb2afa000 	C:\WINDOWS\System32\gdi32full.dll
0x00007ffdb28a0000 - 0x00007ffdb293d000 	C:\WINDOWS\System32\msvcp_win.dll
0x00007ffdaafb0000 - 0x00007ffdaafba000 	C:\WINDOWS\SYSTEM32\VERSION.dll
0x00007ffdb30e0000 - 0x00007ffdb3110000 	C:\WINDOWS\System32\IMM32.DLL
0x00007ffdade80000 - 0x00007ffdade8c000 	C:\Program Files\Java\jdk-17.0.1\bin\vcruntime140_1.dll
0x00007ffd99280000 - 0x00007ffd9930d000 	C:\Program Files\Java\jdk-17.0.1\bin\msvcp140.dll
0x00007ffd6fa60000 - 0x00007ffd7061e000 	C:\Program Files\Java\jdk-17.0.1\bin\server\jvm.dll
0x00007ffdb3ee0000 - 0x00007ffdb3ee8000 	C:\WINDOWS\System32\PSAPI.DLL
0x00007ffda6140000 - 0x00007ffda6149000 	C:\WINDOWS\SYSTEM32\WSOCK32.dll
0x00007ffdab000000 - 0x00007ffdab027000 	C:\WINDOWS\SYSTEM32\WINMM.dll
0x00007ffdb3e70000 - 0x00007ffdb3edb000 	C:\WINDOWS\System32\WS2_32.dll
0x00007ffdb06d0000 - 0x00007ffdb06e3000 	C:\WINDOWS\SYSTEM32\kernel.appcore.dll
0x00007ffda1ef0000 - 0x00007ffda1efa000 	C:\Program Files\Java\jdk-17.0.1\bin\jimage.dll
0x00007ffda4dd0000 - 0x00007ffda4fb4000 	C:\WINDOWS\SYSTEM32\DBGHELP.DLL
0x00007ffda4d80000 - 0x00007ffda4dac000 	C:\WINDOWS\SYSTEM32\dbgcore.DLL
0x00007ffdb2e00000 - 0x00007ffdb2e7f000 	C:\WINDOWS\System32\bcryptPrimitives.dll
0x00007ffd9b5d0000 - 0x00007ffd9b5f5000 	C:\Program Files\Java\jdk-17.0.1\bin\java.dll

dbghelp: loaded successfully - version: 4.0.5 - missing functions: none
symbol engine: initialized successfully - sym options: 0x614 - pdb path: .;C:\Program Files\Java\jdk-17.0.1\bin;C:\WINDOWS\SYSTEM32;C:\WINDOWS\WinSxS\amd64_microsoft.windows.common-controls_6595b64144ccf1df_6.0.19041.1_none_b555e41d4684ddec;C:\Program Files\Java\jdk-17.0.1\bin\server

VM Arguments:
jvm_args: -Dfile.encoding=UTF-8 -XX:+ShowCodeDetailsInExceptionMessages 
java_command: nono.calendar.VraiVraiCal
java_class_path (initial): C:\Users\dbsgh\eclipse-workspace\Calendar
Launcher Type: SUN_STANDARD

[Global flags]
     intx CICompilerCount                          = 4                                         {product} {ergonomic}
     uint ConcGCThreads                            = 2                                         {product} {ergonomic}
     uint G1ConcRefinementThreads                  = 8                                         {product} {ergonomic}
   size_t G1HeapRegionSize                         = 1048576                                   {product} {ergonomic}
    uintx GCDrainStackTargetSize                   = 64                                        {product} {ergonomic}
   size_t InitialHeapSize                          = 117440512                                 {product} {ergonomic}
   size_t MarkStackSize                            = 4194304                                   {product} {ergonomic}
   size_t MaxHeapSize                              = 1864368128                                {product} {ergonomic}
   size_t MinHeapDeltaBytes                        = 1048576                                   {product} {ergonomic}
   size_t MinHeapSize                              = 8388608                                   {product} {ergonomic}
    uintx NonNMethodCodeHeapSize                   = 5839372                                {pd product} {ergonomic}
    uintx NonProfiledCodeHeapSize                  = 122909434                              {pd product} {ergonomic}
    uintx ProfiledCodeHeapSize                     = 122909434                              {pd product} {ergonomic}
    uintx ReservedCodeCacheSize                    = 251658240                              {pd product} {ergonomic}
     bool SegmentedCodeCache                       = true                                      {product} {ergonomic}
     bool ShowCodeDetailsInExceptionMessages       = true                                   {manageable} {command line}
   size_t SoftMaxHeapSize                          = 1864368128                             {manageable} {ergonomic}
     bool UseCompressedClassPointers               = true                           {product lp64_product} {ergonomic}
     bool UseCompressedOops                        = true                           {product lp64_product} {ergonomic}
     bool UseG1GC                                  = true                                      {product} {ergonomic}
     bool UseLargePagesIndividualAllocation        = false                                  {pd product} {ergonomic}

Logging:
Log output configuration:
 #0: stdout all=warning uptime,level,tags
 #1: stderr all=off uptime,level,tags

Environment Variables:
PATH=C:\Program Files\Common Files\Oracle\Java\javapath;"C:\Program Files (x86)\Common Files\Oracle\Java\javapath;%JAVA_HOME%\bin;";C:\Users\dbsgh\AppData\Local\Microsoft\WindowsApps;C:\Program Files\Bandizip\;C:\Program Files\Java\jdk-17.0.1\bin;
USERNAME=dbsgh
OS=Windows_NT
PROCESSOR_IDENTIFIER=AMD64 Family 23 Model 24 Stepping 1, AuthenticAMD



---------------  S Y S T E M  ---------------

OS:
 Windows 10 , 64 bit Build 19041 (10.0.19041.292)
OS uptime: 1 days 5:41 hours

CPU: total 8 (initial active 8) (8 cores per cpu, 2 threads per core) family 23 model 24 stepping 1 microcode 0x0, cx8, cmov, fxsr, ht, mmx, 3dnowpref, sse, sse2, sse3, ssse3, sse4a, sse4.1, sse4.2, popcnt, lzcnt, tsc, tscinvbit, avx, avx2, aes, clmul, bmi1, bmi2, adx, sha, fma, vzeroupper, clflush, clflushopt

Memory: 4k page, system-wide physical 7106M (2876M free)
TotalPageFile size 8762M (AvailPageFile size 39M)
current process WorkingSet (physical memory assigned to process): 10M, peak: 10M
current process commit charge ("private bytes"): 60M, peak: 171M

vm_info: Java HotSpot(TM) 64-Bit Server VM (17.0.1+12-LTS-39) for windows-amd64 JRE (17.0.1+12-LTS-39), built on Sep 27 2021 18:41:35 by "mach5one" with MS VC++ 16.8 (VS2019)

END.
